[2025-09-03 21:36:15] Program launched. start_ms=-576460740740 wall=2025-09-03 21:36:15
[2025-09-03 21:36:22] Evolution iteration -> 0
[2025-09-03 21:36:34] Evolution iteration -> 1
[2025-09-03 21:42:23] Program launched. start_ms=-576460741470 wall=2025-09-03 21:42:23
[2025-09-03 21:45:16] Program launched. start_ms=-576460747273 wall=2025-09-03 21:45:16
[2025-09-03 21:47:15] Program launched. start_ms=-576460745852 wall=2025-09-03 21:47:15
[2025-09-03 21:48:09] Program launched. start_ms=-576460746901 wall=2025-09-03 21:48:09
[2025-09-03 21:48:18] Evolution iteration -> 0
[2025-09-03 21:49:03] Evolution iteration -> 1
[2025-09-03 21:52:36] Program launched. start_ms=-576460744473 wall=2025-09-03 21:52:36
[2025-09-03 21:52:39] Evolution iteration -> 0
[2025-09-03 21:57:19] Program launched. start_ms=-576460746565 wall=2025-09-03 21:57:19
[2025-09-03 21:57:21] Evolution iteration -> 0
[2025-09-03 21:57:34] Program launched. start_ms=-576460749194 wall=2025-09-03 21:57:34
[2025-09-03 21:57:51] Evolution iteration -> 0
[2025-09-03 21:57:55] Evolution iteration -> 1
[2025-09-03 22:15:09] Program launched. start_ms=-576460746903 wall=2025-09-03 22:15:09
[2025-09-03 22:15:15] Evolution iteration -> 0
[2025-09-03 22:15:20] Evolution iteration -> 1
[2025-09-03 22:19:24] Program launched. start_ms=-576460747728 wall=2025-09-03 22:19:24
[2025-09-03 22:39:59] Program launched. start_ms=-576460674395 wall=2025-09-03 22:39:59
[2025-09-03 22:43:05] Program launched. start_ms=-576460744411 wall=2025-09-03 22:43:05
[2025-09-03 22:44:15] Program launched. start_ms=-576460747668 wall=2025-09-03 22:44:15
[2025-09-03 22:44:24] Evolution iteration -> 0
[2025-09-03 22:44:28] Evolution iteration -> 1
[2025-09-03 22:46:18] Program launched. start_ms=-576460747290 wall=2025-09-03 22:46:18
[2025-09-03 22:46:23] Evolution iteration -> 0
[2025-09-03 22:46:28] Evolution iteration -> 1
[2025-09-03 22:47:15] Program launched. start_ms=-576460747476 wall=2025-09-03 22:47:15
[2025-09-03 22:47:19] Evolution iteration -> 0
[2025-09-03 22:47:35] Program launched. start_ms=-576460749884 wall=2025-09-03 22:47:35
[2025-09-03 22:47:42] Evolution iteration -> 0
[2025-09-03 22:51:13] Program launched. start_ms=-576460743195 wall=2025-09-03 22:51:13
[2025-09-03 22:51:22] Evolution iteration -> 0
[2025-09-03 22:54:19] Program launched. start_ms=-576460746783 wall=2025-09-03 22:54:19
[2025-09-03 22:54:30] Evolution iteration -> 0
[2025-09-03 22:54:34] Evolution iteration -> 1
[2025-09-03 22:55:46] Evolution iteration -> 0
[2025-09-03 22:55:51] Evolution iteration -> 1
[2025-09-03 22:56:03] Program launched. start_ms=-576460744313 wall=2025-09-03 22:56:03
[2025-09-03 22:56:11] Evolution iteration -> 0
[2025-09-03 22:56:48] Program launched. start_ms=-576460747026 wall=2025-09-03 22:56:48
[2025-09-03 22:56:55] Evolution iteration -> 0
[2025-09-03 22:57:00] Evolution iteration -> 1
[2025-09-03 22:58:49] Program launched. start_ms=-576460743365 wall=2025-09-03 22:58:49
[2025-09-03 22:58:56] Evolution iteration -> 0
[2025-09-03 22:59:18] Program launched. start_ms=-576460747083 wall=2025-09-03 22:59:18
[2025-09-03 22:59:24] Evolution iteration -> 0
[2025-09-03 22:59:30] Evolution iteration -> 1
[2025-09-03 23:00:14] Program launched. start_ms=-576460746910 wall=2025-09-03 23:00:14
[2025-09-03 23:00:22] Evolution iteration -> 0
[2025-09-03 23:20:15] Program launched. start_ms=-576460744866 wall=2025-09-03 23:20:15
[2025-09-03 23:20:15] Evolution iteration -> 0
[2025-09-03 23:20:43] Program launched. start_ms=-576460749978 wall=2025-09-03 23:20:43
[2025-09-03 23:20:49] Evolution iteration -> 0
[2025-09-03 23:28:33] Program launched. start_ms=-576460749158 wall=2025-09-03 23:28:33
[2025-09-03 23:28:40] Evolution iteration -> 0
[2025-09-04 01:49:16] Program launched. start_ms=-576460745674 wall=2025-09-04 01:49:16
[2025-09-04 01:49:24] Evolution iteration -> 0
[2025-09-04 01:49:59] Program launched. start_ms=-576460749072 wall=2025-09-04 01:49:59
[2025-09-04 01:50:05] Evolution iteration -> 0
[2025-09-04 01:50:09] Evolution iteration -> 1
[2025-09-04 02:00:24] Evolution iteration -> 0
[2025-09-04 02:00:28] Evolution iteration -> 1
[2025-09-04 02:00:41] Program launched. start_ms=-576460746585 wall=2025-09-04 02:00:41
[2025-09-04 02:00:50] Evolution iteration -> 0
[2025-09-04 02:01:54] Program launched. start_ms=-576460749233 wall=2025-09-04 02:01:54
[2025-09-04 02:02:00] Evolution iteration -> 0
[2025-09-04 02:02:30] Evolution iteration -> 1
[2025-09-04 02:07:00] Program launched. start_ms=-576460748240 wall=2025-09-04 02:07:00
[2025-09-04 02:07:12] Evolution iteration -> 0
[2025-09-04 02:07:15] Evolution iteration -> 1
[2025-09-04 02:11:52] Program launched. start_ms=-576460746922 wall=2025-09-04 02:11:52
[2025-09-04 02:11:59] Evolution iteration -> 0
[2025-09-04 02:12:04] Evolution iteration -> 1
[2025-09-04 02:20:56] Program launched. start_ms=-576460747193 wall=2025-09-04 02:20:56
[2025-09-04 02:21:02] Evolution iteration -> 0
[2025-09-04 02:21:21] Evolution iteration -> 1
[2025-09-04 02:23:54] Program launched. start_ms=-576460749732 wall=2025-09-04 02:23:54
[2025-09-04 02:24:17] Evolution iteration -> 0
[2025-09-04 02:24:37] Evolution iteration -> 1
[2025-09-04 02:25:20] Program launched. start_ms=-576460749413 wall=2025-09-04 02:25:20
[2025-09-04 02:25:26] Evolution iteration -> 0
[2025-09-04 02:26:53] Evolution iteration -> 1
[2025-09-04 02:28:41] Program launched. start_ms=-576460747482 wall=2025-09-04 02:28:41
[2025-09-04 02:28:46] Evolution iteration -> 0
[2025-09-04 02:33:05] Program launched. start_ms=-576460746549 wall=2025-09-04 02:33:05
[2025-09-04 02:33:19] Evolution iteration -> 0
[2025-09-04 02:34:27] Program launched. start_ms=-576460748888 wall=2025-09-04 02:34:27
[2025-09-04 02:34:33] Evolution iteration -> 0
[2025-09-04 02:41:46] Program launched. start_ms=-576460745584 wall=2025-09-04 02:41:46
[2025-09-04 02:44:04] Program launched. start_ms=-576460747086 wall=2025-09-04 02:44:04
[2025-09-04 02:44:10] Evolution iteration -> 0
[2025-09-04 02:45:56] Program launched. start_ms=-576460745994 wall=2025-09-04 02:45:56
[2025-09-04 02:48:01] Program launched. start_ms=-576460745510 wall=2025-09-04 02:48:01
[2025-09-04 02:48:36] Program launched. start_ms=-576460749484 wall=2025-09-04 02:48:36
[2025-09-04 02:49:16] Program launched. start_ms=-576460749636 wall=2025-09-04 02:49:16
[2025-09-04 02:49:29] Evolution iteration -> 0
[2025-09-04 02:49:47] Evolution iteration -> 1
[2025-09-04 02:50:17] Program launched. start_ms=-576460749504 wall=2025-09-04 02:50:17
[2025-09-04 02:50:26] Evolution iteration -> 0
[2025-09-04 02:50:49] Evolution iteration -> 1
[2025-09-04 02:52:18] Program launched. start_ms=-576460749615 wall=2025-09-04 02:52:18
[2025-09-04 02:52:25] Evolution iteration -> 0
[2025-09-04 02:52:42] Evolution iteration -> 1
[2025-09-04 02:58:57] Program launched. start_ms=-576460746190 wall=2025-09-04 02:58:57
[2025-09-04 02:59:10] Evolution iteration -> 0
[2025-09-04 02:59:25] Evolution iteration -> 1
[2025-09-04 03:00:50] Program launched. start_ms=-576460749897 wall=2025-09-04 03:00:50
[2025-09-04 03:00:56] Evolution iteration -> 0
[2025-09-04 03:01:20] Evolution iteration -> 1
[2025-09-05 20:17:29] Program launched. start_ms=-576460731724 wall=2025-09-05 20:17:29
[2025-09-05 20:17:36] Evolution iteration -> 0
[2025-09-05 20:18:02] Evolution iteration -> 1
[2025-09-05 21:06:01] Program launched. start_ms=-576460741936 wall=2025-09-05 21:06:01
[2025-09-05 21:48:37] Program launched. start_ms=-576460735598 wall=2025-09-05 21:48:37
[2025-09-05 22:10:57] Program launched. start_ms=-576460747374 wall=2025-09-05 22:10:57
[2025-09-05 22:12:35] Program launched. start_ms=-576460745912 wall=2025-09-05 22:12:35
[2025-09-05 22:14:52] Program launched. start_ms=-576460744398 wall=2025-09-05 22:14:52
[2025-09-05 22:15:03] Evolution iteration -> 0
[2025-09-05 22:15:29] Evolution iteration -> 1
[2025-09-05 22:17:20] Program launched. start_ms=-576460744874 wall=2025-09-05 22:17:20
[2025-09-05 22:35:04] Program launched. start_ms=-576460726007 wall=2025-09-05 22:35:04
[2025-09-05 22:36:20] Program launched. start_ms=-576460745977 wall=2025-09-05 22:36:20
[2025-09-05 22:36:29] Evolution iteration -> 0
[2025-09-05 22:36:56] Evolution iteration -> 1
[2025-09-05 22:58:18] Program launched. start_ms=-576460710411 wall=2025-09-05 22:58:18
[2025-09-05 23:00:06] Program launched. start_ms=-576460742162 wall=2025-09-05 23:00:06
[2025-09-06 00:14:45] Program launched. start_ms=-576460741683 wall=2025-09-06 00:14:45
[2025-09-06 12:51:30] Program launched. start_ms=-576460746900 wall=2025-09-06 12:51:30
[2025-09-06 12:52:12] Program launched. start_ms=-576460737858 wall=2025-09-06 12:52:12
[2025-09-06 13:24:26] Program launched. start_ms=-576460741380 wall=2025-09-06 13:24:26
[2025-09-06 13:30:55] Program launched. start_ms=-576460741120 wall=2025-09-06 13:30:55
[2025-09-06 13:33:45] Program launched. start_ms=-576460747245 wall=2025-09-06 13:33:45
[2025-09-06 13:35:23] Program launched. start_ms=-576460743148 wall=2025-09-06 13:35:23
[2025-09-06 13:36:25] Program launched. start_ms=-576460743232 wall=2025-09-06 13:36:25
[2025-09-06 13:37:52] Program launched. start_ms=-576460746234 wall=2025-09-06 13:37:52
[2025-09-06 13:41:17] Program launched. start_ms=-576460744464 wall=2025-09-06 13:41:17
[2025-09-06 13:43:01] Program launched. start_ms=-576460749279 wall=2025-09-06 13:43:01
[2025-09-06 13:44:24] Program launched. start_ms=-576460748068 wall=2025-09-06 13:44:24
[2025-09-06 13:45:52] Program launched. start_ms=-576460744884 wall=2025-09-06 13:45:52
[2025-09-06 13:52:16] Program launched. start_ms=-576460741198 wall=2025-09-06 13:52:16
[2025-09-06 13:59:05] Program launched. start_ms=-576460740812 wall=2025-09-06 13:59:05
[2025-09-06 14:41:11] Program launched. start_ms=-576460741841 wall=2025-09-06 14:41:11
[2025-09-06 16:25:58] Program launched. start_ms=-576460736760 wall=2025-09-06 16:25:58
[2025-09-06 16:26:00] Evolution iteration -> 0
[2025-09-06 16:27:43] Program launched. start_ms=-576460748323 wall=2025-09-06 16:27:43
[2025-09-06 16:27:57] Evolution iteration -> 0
[2025-09-06 16:28:33] Program launched. start_ms=-576460749627 wall=2025-09-06 16:28:33
[2025-09-06 16:28:33] Evolution iteration -> 0
[2025-09-06 16:28:42] Program launched. start_ms=-576460748917 wall=2025-09-06 16:28:42
[2025-09-06 16:28:50] Evolution iteration -> 0
[2025-09-06 16:31:35] Program launched. start_ms=-576460743717 wall=2025-09-06 16:31:35
[2025-09-06 16:31:46] Evolution iteration -> 0
[2025-09-06 16:42:40] Evolution iteration -> 1
[2025-09-06 16:47:15] Program launched. start_ms=-576460741393 wall=2025-09-06 16:47:15
[2025-09-06 16:49:14] Program launched. start_ms=-576460732288 wall=2025-09-06 16:49:14
[2025-09-06 16:49:25] Evolution iteration -> 0
[2025-09-06 17:41:27] Evolution iteration -> 1
[2025-09-06 17:41:37] Evolution iteration -> 0
[2025-09-06 18:34:47] Evolution iteration -> 1
[2025-09-06 18:34:58] Evolution iteration -> 0
[2025-09-06 19:26:42] Evolution iteration -> 1
[2025-09-06 19:26:53] Evolution iteration -> 0
[2025-09-06 20:02:53] Program launched. start_ms=-576460707132 wall=2025-09-06 20:02:53
[2025-09-06 20:59:30] Program launched. start_ms=-576460742318 wall=2025-09-06 20:59:30
[2025-09-06 21:00:23] Program launched. start_ms=-576460743172 wall=2025-09-06 21:00:23
[2025-09-06 21:02:09] Program launched. start_ms=-576460741703 wall=2025-09-06 21:02:09
[2025-09-06 21:03:39] Program launched. start_ms=-576460742173 wall=2025-09-06 21:03:39
[2025-09-06 21:07:10] Program launched. start_ms=-576460743425 wall=2025-09-06 21:07:10
[2025-09-06 21:10:04] Program launched. start_ms=-576460739115 wall=2025-09-06 21:10:04
[2025-09-06 21:19:29] Program launched. start_ms=-576460743203 wall=2025-09-06 21:19:29
[2025-09-06 21:21:51] Program launched. start_ms=-576460743010 wall=2025-09-06 21:21:51
[2025-09-07 01:41:37] Program launched. start_ms=-576460740394 wall=2025-09-07 01:41:37
[2025-09-07 01:48:28] Program launched. start_ms=-576460741109 wall=2025-09-07 01:48:28
[2025-09-07 02:54:14] Program launched. start_ms=-576460735526 wall=2025-09-07 02:54:14
[2025-09-07 02:54:21] Evolution iteration -> 0
[2025-09-08 13:47:38] Program launched. start_ms=-576460749439 wall=2025-09-08 13:47:38
[2025-09-08 13:48:20] Program launched. start_ms=-576460749034 wall=2025-09-08 13:48:20
[2025-09-08 13:48:27] Evolution iteration -> 0
[2025-09-08 13:48:27] Evolution iteration -> 1
[2025-09-08 13:48:27] Evolution iteration -> 0
[2025-09-08 13:48:28] Evolution iteration -> 1
[2025-09-08 13:48:28] Evolution iteration -> 0
[2025-09-08 13:48:29] Evolution iteration -> 1
[2025-09-08 13:48:29] Evolution iteration -> 0
[2025-09-08 13:48:29] Evolution iteration -> 1
[2025-09-08 13:48:30] Evolution iteration -> 0
[2025-09-08 13:48:30] Evolution iteration -> 1
[2025-09-08 13:50:16] Program launched. start_ms=-576460749165 wall=2025-09-08 13:50:16
[2025-09-08 13:50:23] Evolution iteration -> 0
[2025-09-08 13:50:27] Evolution iteration -> 1
[2025-09-08 13:50:27] Total evaluations set: 50
[2025-09-08 13:50:29] Progress: Iter=1 | done=50/50 (100.0%%) | elapsed=13s | eta=00:00:00
[2025-09-08 13:50:30] Evolution iteration -> 2
[2025-09-08 13:50:30] Total evaluations set: 50
[2025-09-08 13:50:32] Progress: Iter=2 | done=50/50 (100.0%%) | elapsed=16s | eta=00:00:00
[2025-09-08 13:50:33] Evolution iteration -> 3
[2025-09-08 13:50:33] Total evaluations set: 50
[2025-09-08 13:50:35] Progress: Iter=3 | done=50/50 (100.0%%) | elapsed=19s | eta=00:00:00
[2025-09-08 13:50:36] Evolution iteration -> 4
[2025-09-08 13:50:36] Total evaluations set: 50
[2025-09-08 13:50:38] Progress: Iter=4 | done=50/50 (100.0%%) | elapsed=22s | eta=00:00:00
[2025-09-08 13:50:39] Evolution iteration -> 5
[2025-09-08 13:50:39] Total evaluations set: 50
[2025-09-08 13:50:41] Progress: Iter=5 | done=50/50 (100.0%%) | elapsed=25s | eta=00:00:00
[2025-09-08 13:50:42] Evolution iteration -> 6
[2025-09-08 13:50:42] Total evaluations set: 50
[2025-09-08 13:50:45] Progress: Iter=6 | done=50/50 (100.0%%) | elapsed=28s | eta=00:00:00
[2025-09-08 13:50:45] Evolution iteration -> 7
[2025-09-08 13:50:45] Total evaluations set: 50
[2025-09-08 13:50:48] Progress: Iter=7 | done=50/50 (100.0%%) | elapsed=31s | eta=00:00:00
[2025-09-08 13:50:48] Evolution iteration -> 8
[2025-09-08 13:50:48] Total evaluations set: 50
[2025-09-08 13:50:50] Progress: Iter=8 | done=50/50 (100.0%%) | elapsed=34s | eta=00:00:00
[2025-09-08 13:50:51] Evolution iteration -> 9
[2025-09-08 13:50:51] Total evaluations set: 50
[2025-09-08 13:50:54] Progress: Iter=9 | done=50/50 (100.0%%) | elapsed=37s | eta=00:00:00
[2025-09-08 13:50:54] Evolution iteration -> 10
[2025-09-08 13:50:54] Total evaluations set: 50
[2025-09-08 13:50:57] Progress: Iter=10 | done=50/50 (100.0%%) | elapsed=41s | eta=00:00:00
[2025-09-08 13:50:58] Evolution iteration -> 11
[2025-09-08 13:50:58] Total evaluations set: 50
[2025-09-08 13:51:00] Progress: Iter=11 | done=50/50 (100.0%%) | elapsed=44s | eta=00:00:00
[2025-09-08 13:51:01] Evolution iteration -> 12
[2025-09-08 13:51:01] Total evaluations set: 50
[2025-09-08 13:51:04] Progress: Iter=12 | done=50/50 (100.0%%) | elapsed=47s | eta=00:00:00
[2025-09-08 13:51:04] Evolution iteration -> 13
[2025-09-08 13:51:04] Total evaluations set: 50
[2025-09-08 13:51:07] Progress: Iter=13 | done=50/50 (100.0%%) | elapsed=50s | eta=00:00:00
[2025-09-08 13:51:07] Evolution iteration -> 14
[2025-09-08 13:51:07] Total evaluations set: 50
[2025-09-08 13:51:09] Progress: Iter=14 | done=50/50 (100.0%%) | elapsed=53s | eta=00:00:00
[2025-09-08 13:51:10] Evolution iteration -> 15
[2025-09-08 13:51:10] Total evaluations set: 50
[2025-09-08 13:51:13] Progress: Iter=15 | done=50/50 (100.0%%) | elapsed=56s | eta=00:00:00
[2025-09-08 13:51:13] Evolution iteration -> 16
[2025-09-08 13:51:13] Total evaluations set: 50
[2025-09-08 13:51:19] Progress: Iter=16 | done=50/50 (100.0%%) | elapsed=59s | eta=00:00:00
[2025-09-08 13:51:19] Evolution iteration -> 17
[2025-09-08 13:51:19] Total evaluations set: 50
[2025-09-08 13:51:22] Progress: Iter=17 | done=50/50 (100.0%%) | elapsed=62s | eta=00:00:00
[2025-09-08 13:51:22] Evolution iteration -> 18
[2025-09-08 13:51:22] Progress: Iter=18 | done=51/50 (102.0%%) | elapsed=62s | eta=00:00:-1
[2025-09-08 13:51:23] Evolution iteration -> 0
[2025-09-08 13:51:25] Progress: Iter=0 | done=52/50 (104.0%%) | elapsed=65s | eta=00:00:-2
[2025-09-08 13:51:25] Progress: Iter=0 | done=53/50 (106.0%%) | elapsed=65s | eta=00:00:-3
[2025-09-08 13:51:25] Progress: Iter=0 | done=54/50 (108.0%%) | elapsed=65s | eta=00:00:-4
[2025-09-08 13:51:25] Progress: Iter=0 | done=55/50 (110.0%%) | elapsed=65s | eta=00:00:-5
[2025-09-08 13:51:25] Progress: Iter=0 | done=56/50 (112.0%%) | elapsed=65s | eta=00:00:-7
[2025-09-08 13:51:25] Progress: Iter=0 | done=57/50 (114.0%%) | elapsed=65s | eta=00:00:-8
[2025-09-08 13:51:25] Progress: Iter=0 | done=58/50 (116.0%%) | elapsed=65s | eta=00:00:-9
[2025-09-08 13:51:25] Progress: Iter=0 | done=59/50 (118.0%%) | elapsed=65s | eta=00:00:**
[2025-09-08 13:51:25] Progress: Iter=0 | done=60/50 (120.0%%) | elapsed=65s | eta=00:00:**
[2025-09-08 13:51:25] Progress: Iter=0 | done=61/50 (122.0%%) | elapsed=66s | eta=00:00:**
[2025-09-08 13:51:25] Progress: Iter=0 | done=62/50 (124.0%%) | elapsed=66s | eta=00:00:**
[2025-09-08 13:51:25] Progress: Iter=0 | done=63/50 (126.0%%) | elapsed=66s | eta=00:00:**
[2025-09-08 13:51:25] Progress: Iter=0 | done=64/50 (128.0%%) | elapsed=66s | eta=00:00:**
[2025-09-08 13:51:25] Progress: Iter=0 | done=65/50 (130.0%%) | elapsed=66s | eta=00:00:**
[2025-09-08 13:51:25] Progress: Iter=0 | done=66/50 (132.0%%) | elapsed=66s | eta=00:00:**
[2025-09-08 13:51:25] Progress: Iter=0 | done=67/50 (134.0%%) | elapsed=66s | eta=00:00:**
[2025-09-08 13:51:25] Progress: Iter=0 | done=68/50 (136.0%%) | elapsed=66s | eta=00:00:**
[2025-09-08 13:51:25] Progress: Iter=0 | done=69/50 (138.0%%) | elapsed=66s | eta=00:00:**
[2025-09-08 13:51:26] Progress: Iter=0 | done=70/50 (140.0%%) | elapsed=66s | eta=00:00:**
[2025-09-08 13:51:26] Progress: Iter=0 | done=71/50 (142.0%%) | elapsed=66s | eta=00:00:**
[2025-09-08 13:51:26] Progress: Iter=0 | done=72/50 (144.0%%) | elapsed=66s | eta=00:00:**
[2025-09-08 13:51:26] Progress: Iter=0 | done=73/50 (146.0%%) | elapsed=66s | eta=00:00:**
[2025-09-08 13:51:26] Progress: Iter=0 | done=74/50 (148.0%%) | elapsed=66s | eta=00:00:**
[2025-09-08 13:51:26] Progress: Iter=0 | done=75/50 (150.0%%) | elapsed=66s | eta=00:00:**
[2025-09-08 13:51:26] Progress: Iter=0 | done=76/50 (152.0%%) | elapsed=66s | eta=00:00:**
[2025-09-08 13:51:26] Progress: Iter=0 | done=77/50 (154.0%%) | elapsed=66s | eta=00:00:**
[2025-09-08 13:51:26] Progress: Iter=0 | done=78/50 (156.0%%) | elapsed=66s | eta=00:00:**
[2025-09-08 13:51:26] Progress: Iter=0 | done=79/50 (158.0%%) | elapsed=66s | eta=00:00:**
[2025-09-08 13:51:26] Progress: Iter=0 | done=80/50 (160.0%%) | elapsed=66s | eta=00:00:**
[2025-09-08 13:51:26] Progress: Iter=0 | done=81/50 (162.0%%) | elapsed=66s | eta=00:00:**
[2025-09-08 13:51:26] Progress: Iter=0 | done=82/50 (164.0%%) | elapsed=66s | eta=00:00:**
[2025-09-08 13:51:26] Progress: Iter=0 | done=83/50 (166.0%%) | elapsed=66s | eta=00:00:**
[2025-09-08 13:51:26] Progress: Iter=0 | done=84/50 (168.0%%) | elapsed=66s | eta=00:00:**
[2025-09-08 13:51:26] Progress: Iter=0 | done=85/50 (170.0%%) | elapsed=66s | eta=00:00:**
[2025-09-08 13:51:26] Progress: Iter=0 | done=86/50 (172.0%%) | elapsed=66s | eta=00:00:**
[2025-09-08 13:51:26] Progress: Iter=0 | done=87/50 (174.0%%) | elapsed=66s | eta=00:00:**
[2025-09-08 13:51:26] Progress: Iter=0 | done=88/50 (176.0%%) | elapsed=66s | eta=00:00:**
[2025-09-08 13:51:26] Progress: Iter=0 | done=89/50 (178.0%%) | elapsed=66s | eta=00:00:**
[2025-09-08 13:51:26] Progress: Iter=0 | done=90/50 (180.0%%) | elapsed=66s | eta=00:00:**
[2025-09-08 13:51:26] Progress: Iter=0 | done=91/50 (182.0%%) | elapsed=66s | eta=00:00:**
[2025-09-08 13:51:26] Progress: Iter=0 | done=92/50 (184.0%%) | elapsed=66s | eta=00:00:**
[2025-09-08 13:51:26] Progress: Iter=0 | done=93/50 (186.0%%) | elapsed=66s | eta=00:00:**
[2025-09-08 13:51:26] Progress: Iter=0 | done=94/50 (188.0%%) | elapsed=66s | eta=00:00:**
[2025-09-08 13:51:26] Progress: Iter=0 | done=95/50 (190.0%%) | elapsed=66s | eta=00:00:**
[2025-09-08 13:51:26] Progress: Iter=0 | done=96/50 (192.0%%) | elapsed=66s | eta=00:00:**
[2025-09-08 13:51:26] Progress: Iter=0 | done=97/50 (194.0%%) | elapsed=66s | eta=00:00:**
[2025-09-08 13:51:26] Progress: Iter=0 | done=98/50 (196.0%%) | elapsed=66s | eta=00:00:**
[2025-09-08 13:51:26] Progress: Iter=0 | done=99/50 (198.0%%) | elapsed=66s | eta=00:00:**
[2025-09-08 13:51:26] Progress: Iter=0 | done=100/50 (200.0%%) | elapsed=66s | eta=00:00:**
[2025-09-08 13:51:26] Progress: Iter=0 | done=101/50 (202.0%%) | elapsed=67s | eta=00:00:**
[2025-09-08 13:51:27] Evolution iteration -> 1
[2025-09-08 13:51:27] Total evaluations set: 50
[2025-09-08 13:51:29] Progress: Iter=1 | done=50/50 (100.0%%) | elapsed=70s | eta=00:00:00
[2025-09-08 13:51:30] Evolution iteration -> 2
[2025-09-08 13:51:30] Total evaluations set: 50
[2025-09-08 13:51:32] Progress: Iter=2 | done=50/50 (100.0%%) | elapsed=73s | eta=00:00:00
[2025-09-08 13:51:33] Evolution iteration -> 3
[2025-09-08 13:51:33] Total evaluations set: 50
[2025-09-08 13:51:36] Progress: Iter=3 | done=50/50 (100.0%%) | elapsed=76s | eta=00:00:00
[2025-09-08 13:51:36] Evolution iteration -> 4
[2025-09-08 13:51:36] Total evaluations set: 50
[2025-09-08 13:51:39] Progress: Iter=4 | done=50/50 (100.0%%) | elapsed=79s | eta=00:00:00
[2025-09-08 13:51:39] Evolution iteration -> 5
[2025-09-08 13:51:39] Total evaluations set: 50
[2025-09-08 13:51:42] Progress: Iter=5 | done=50/50 (100.0%%) | elapsed=82s | eta=00:00:00
[2025-09-08 13:51:42] Evolution iteration -> 6
[2025-09-08 13:51:42] Total evaluations set: 50
[2025-09-08 13:51:45] Progress: Iter=6 | done=50/50 (100.0%%) | elapsed=85s | eta=00:00:00
[2025-09-08 13:51:45] Evolution iteration -> 7
[2025-09-08 13:51:45] Total evaluations set: 50
[2025-09-08 13:51:48] Progress: Iter=7 | done=50/50 (100.0%%) | elapsed=88s | eta=00:00:00
[2025-09-08 13:51:48] Evolution iteration -> 8
[2025-09-08 13:51:48] Total evaluations set: 50
[2025-09-08 13:51:51] Progress: Iter=8 | done=50/50 (100.0%%) | elapsed=91s | eta=00:00:00
[2025-09-08 13:51:51] Evolution iteration -> 9
[2025-09-08 13:51:51] Total evaluations set: 50
[2025-09-08 13:51:54] Progress: Iter=9 | done=50/50 (100.0%%) | elapsed=94s | eta=00:00:00
[2025-09-08 13:51:55] Evolution iteration -> 10
[2025-09-08 13:51:55] Total evaluations set: 50
[2025-09-08 13:51:58] Progress: Iter=10 | done=50/50 (100.0%%) | elapsed=98s | eta=00:00:00
[2025-09-08 13:51:58] Evolution iteration -> 11
[2025-09-08 13:51:58] Total evaluations set: 50
[2025-09-08 13:52:01] Progress: Iter=11 | done=50/50 (100.0%%) | elapsed=101s | eta=00:00:00
[2025-09-08 13:52:01] Evolution iteration -> 12
[2025-09-08 13:52:01] Total evaluations set: 50
[2025-09-08 13:52:04] Progress: Iter=12 | done=50/50 (100.0%%) | elapsed=104s | eta=00:00:00
[2025-09-08 13:52:04] Evolution iteration -> 13
[2025-09-08 13:52:04] Total evaluations set: 50
[2025-09-08 13:52:07] Progress: Iter=13 | done=50/50 (100.0%%) | elapsed=107s | eta=00:00:00
[2025-09-08 13:52:08] Evolution iteration -> 14
[2025-09-08 13:52:08] Total evaluations set: 50
[2025-09-08 13:52:11] Evolution iteration -> 15
[2025-09-08 13:52:11] Total evaluations set: 50
[2025-09-08 13:52:13] Progress: Iter=15 | done=50/50 (100.0%%) | elapsed=114s | eta=00:00:00
[2025-09-08 13:52:14] Evolution iteration -> 16
[2025-09-08 13:52:14] Total evaluations set: 50
[2025-09-08 13:52:16] Progress: Iter=16 | done=50/50 (100.0%%) | elapsed=117s | eta=00:00:00
[2025-09-08 13:52:17] Evolution iteration -> 17
[2025-09-08 13:52:17] Total evaluations set: 50
[2025-09-08 13:52:23] Progress: Iter=17 | done=50/50 (100.0%%) | elapsed=120s | eta=00:00:00
[2025-09-08 13:52:23] Evolution iteration -> 18
[2025-09-08 13:52:23] Progress: Iter=18 | done=51/50 (102.0%%) | elapsed=120s | eta=00:00:-2
[2025-09-08 13:52:24] Evolution iteration -> 0
[2025-09-08 13:52:26] Progress: Iter=0 | done=52/50 (104.0%%) | elapsed=123s | eta=00:00:-4
[2025-09-08 13:52:26] Progress: Iter=0 | done=53/50 (106.0%%) | elapsed=123s | eta=00:00:-7
[2025-09-08 13:52:26] Progress: Iter=0 | done=54/50 (108.0%%) | elapsed=123s | eta=00:00:-9
[2025-09-08 13:52:26] Progress: Iter=0 | done=55/50 (110.0%%) | elapsed=123s | eta=00:00:**
[2025-09-08 13:52:26] Progress: Iter=0 | done=56/50 (112.0%%) | elapsed=123s | eta=00:00:**
[2025-09-08 13:52:26] Progress: Iter=0 | done=57/50 (114.0%%) | elapsed=123s | eta=00:00:**
[2025-09-08 13:52:26] Progress: Iter=0 | done=58/50 (116.0%%) | elapsed=123s | eta=00:00:**
[2025-09-08 13:52:26] Progress: Iter=0 | done=59/50 (118.0%%) | elapsed=123s | eta=00:00:**
[2025-09-08 13:52:26] Progress: Iter=0 | done=60/50 (120.0%%) | elapsed=123s | eta=00:00:**
[2025-09-08 13:52:26] Progress: Iter=0 | done=61/50 (122.0%%) | elapsed=123s | eta=00:00:**
[2025-09-08 13:52:26] Progress: Iter=0 | done=62/50 (124.0%%) | elapsed=123s | eta=00:00:**
[2025-09-08 13:52:26] Progress: Iter=0 | done=63/50 (126.0%%) | elapsed=123s | eta=00:00:**
[2025-09-08 13:52:26] Progress: Iter=0 | done=64/50 (128.0%%) | elapsed=124s | eta=00:00:**
[2025-09-08 13:52:26] Progress: Iter=0 | done=65/50 (130.0%%) | elapsed=124s | eta=00:00:**
[2025-09-08 13:52:26] Progress: Iter=0 | done=66/50 (132.0%%) | elapsed=124s | eta=00:00:**
[2025-09-08 13:52:26] Progress: Iter=0 | done=67/50 (134.0%%) | elapsed=124s | eta=00:00:**
[2025-09-08 13:52:26] Progress: Iter=0 | done=68/50 (136.0%%) | elapsed=124s | eta=00:00:**
[2025-09-08 13:52:26] Progress: Iter=0 | done=69/50 (138.0%%) | elapsed=124s | eta=00:00:**
[2025-09-08 13:52:26] Progress: Iter=0 | done=70/50 (140.0%%) | elapsed=124s | eta=00:00:**
[2025-09-08 13:52:26] Progress: Iter=0 | done=71/50 (142.0%%) | elapsed=124s | eta=00:00:**
[2025-09-08 13:52:26] Progress: Iter=0 | done=73/50 (146.0%%) | elapsed=124s | eta=00:00:**
[2025-09-08 13:52:26] Progress: Iter=0 | done=72/50 (144.0%%) | elapsed=124s | eta=00:00:**
[2025-09-08 13:52:26] Progress: Iter=0 | done=74/50 (148.0%%) | elapsed=124s | eta=00:00:**
[2025-09-08 13:52:26] Progress: Iter=0 | done=75/50 (150.0%%) | elapsed=124s | eta=00:00:**
[2025-09-08 13:52:27] Progress: Iter=0 | done=76/50 (152.0%%) | elapsed=124s | eta=00:00:**
[2025-09-08 13:52:27] Progress: Iter=0 | done=77/50 (154.0%%) | elapsed=124s | eta=00:00:**
[2025-09-08 13:52:27] Progress: Iter=0 | done=78/50 (156.0%%) | elapsed=124s | eta=00:00:**
[2025-09-08 13:52:27] Progress: Iter=0 | done=79/50 (158.0%%) | elapsed=124s | eta=00:00:**
[2025-09-08 13:52:27] Progress: Iter=0 | done=80/50 (160.0%%) | elapsed=124s | eta=00:00:**
[2025-09-08 13:52:27] Progress: Iter=0 | done=81/50 (162.0%%) | elapsed=124s | eta=00:00:**
[2025-09-08 13:52:27] Progress: Iter=0 | done=82/50 (164.0%%) | elapsed=124s | eta=00:00:**
[2025-09-08 13:52:27] Progress: Iter=0 | done=83/50 (166.0%%) | elapsed=124s | eta=00:00:**
[2025-09-08 13:52:27] Progress: Iter=0 | done=84/50 (168.0%%) | elapsed=124s | eta=00:00:**
[2025-09-08 13:52:27] Progress: Iter=0 | done=85/50 (170.0%%) | elapsed=124s | eta=00:00:**
[2025-09-08 13:52:27] Progress: Iter=0 | done=87/50 (174.0%%) | elapsed=124s | eta=00:00:**
[2025-09-08 13:52:27] Progress: Iter=0 | done=86/50 (172.0%%) | elapsed=124s | eta=00:00:**
[2025-09-08 13:52:27] Progress: Iter=0 | done=89/50 (178.0%%) | elapsed=124s | eta=00:00:**
[2025-09-08 13:52:27] Progress: Iter=0 | done=88/50 (176.0%%) | elapsed=124s | eta=00:00:**
[2025-09-08 13:52:27] Progress: Iter=0 | done=90/50 (180.0%%) | elapsed=124s | eta=00:00:**
[2025-09-08 13:52:27] Progress: Iter=0 | done=91/50 (182.0%%) | elapsed=124s | eta=00:00:**
[2025-09-08 13:52:27] Progress: Iter=0 | done=92/50 (184.0%%) | elapsed=124s | eta=00:00:**
[2025-09-08 13:52:27] Progress: Iter=0 | done=93/50 (186.0%%) | elapsed=124s | eta=00:00:**
[2025-09-08 13:52:27] Progress: Iter=0 | done=94/50 (188.0%%) | elapsed=124s | eta=00:00:**
[2025-09-08 13:52:27] Progress: Iter=0 | done=95/50 (190.0%%) | elapsed=124s | eta=00:00:**
[2025-09-08 13:52:27] Progress: Iter=0 | done=96/50 (192.0%%) | elapsed=124s | eta=00:00:**
[2025-09-08 13:52:27] Progress: Iter=0 | done=97/50 (194.0%%) | elapsed=124s | eta=00:-1:00
[2025-09-08 13:52:27] Progress: Iter=0 | done=98/50 (196.0%%) | elapsed=124s | eta=00:-1:-1
[2025-09-08 13:52:27] Progress: Iter=0 | done=99/50 (198.0%%) | elapsed=124s | eta=00:-1:-1
[2025-09-08 13:52:27] Progress: Iter=0 | done=100/50 (200.0%%) | elapsed=124s | eta=00:-1:-2
[2025-09-08 13:52:27] Progress: Iter=0 | done=101/50 (202.0%%) | elapsed=124s | eta=00:-1:-2
[2025-09-08 13:52:27] Evolution iteration -> 1
[2025-09-08 13:52:27] Total evaluations set: 50
[2025-09-08 13:52:30] Progress: Iter=1 | done=50/50 (100.0%%) | elapsed=127s | eta=00:00:00
[2025-09-08 13:52:30] Evolution iteration -> 2
[2025-09-08 13:52:30] Total evaluations set: 50
[2025-09-08 13:52:33] Progress: Iter=2 | done=50/50 (100.0%%) | elapsed=130s | eta=00:00:00
[2025-09-08 13:52:33] Evolution iteration -> 3
[2025-09-08 13:52:33] Total evaluations set: 50
[2025-09-08 13:52:36] Progress: Iter=3 | done=50/50 (100.0%%) | elapsed=133s | eta=00:00:00
[2025-09-08 13:52:37] Evolution iteration -> 4
[2025-09-08 13:52:37] Total evaluations set: 50
[2025-09-08 13:52:39] Progress: Iter=4 | done=50/50 (100.0%%) | elapsed=137s | eta=00:00:00
[2025-09-08 13:52:40] Evolution iteration -> 5
[2025-09-08 13:52:40] Total evaluations set: 50
[2025-09-08 13:52:42] Progress: Iter=5 | done=50/50 (100.0%%) | elapsed=140s | eta=00:00:00
[2025-09-08 13:52:43] Evolution iteration -> 6
[2025-09-08 13:52:43] Total evaluations set: 50
[2025-09-08 13:52:46] Progress: Iter=6 | done=50/50 (100.0%%) | elapsed=143s | eta=00:00:00
[2025-09-08 13:52:46] Evolution iteration -> 7
[2025-09-08 13:52:46] Total evaluations set: 50
[2025-09-08 13:52:49] Evolution iteration -> 8
[2025-09-08 13:52:49] Total evaluations set: 50
[2025-09-08 13:52:52] Progress: Iter=8 | done=50/50 (100.0%%) | elapsed=149s | eta=00:00:00
[2025-09-08 13:52:52] Evolution iteration -> 9
[2025-09-08 13:52:52] Total evaluations set: 50
[2025-09-08 13:52:55] Progress: Iter=9 | done=50/50 (100.0%%) | elapsed=152s | eta=00:00:00
[2025-09-08 13:52:55] Evolution iteration -> 10
[2025-09-08 13:52:55] Total evaluations set: 50
[2025-09-08 13:52:58] Progress: Iter=10 | done=50/50 (100.0%%) | elapsed=155s | eta=00:00:00
[2025-09-08 13:52:58] Evolution iteration -> 11
[2025-09-08 13:52:58] Total evaluations set: 50
[2025-09-08 13:53:01] Progress: Iter=11 | done=50/50 (100.0%%) | elapsed=158s | eta=00:00:00
[2025-09-08 13:53:02] Evolution iteration -> 12
[2025-09-08 13:53:02] Total evaluations set: 50
[2025-09-08 13:53:04] Progress: Iter=12 | done=50/50 (100.0%%) | elapsed=161s | eta=00:00:00
[2025-09-08 13:53:05] Evolution iteration -> 13
[2025-09-08 13:53:05] Total evaluations set: 50
[2025-09-08 13:53:07] Progress: Iter=13 | done=50/50 (100.0%%) | elapsed=164s | eta=00:00:00
[2025-09-08 13:53:07] Evolution iteration -> 14
[2025-09-08 13:53:07] Total evaluations set: 50
[2025-09-08 13:53:10] Progress: Iter=14 | done=50/50 (100.0%%) | elapsed=167s | eta=00:00:00
[2025-09-08 13:53:10] Evolution iteration -> 15
[2025-09-08 13:53:10] Total evaluations set: 50
[2025-09-08 13:53:13] Progress: Iter=15 | done=50/50 (100.0%%) | elapsed=170s | eta=00:00:00
[2025-09-08 13:53:13] Evolution iteration -> 16
[2025-09-08 13:53:13] Total evaluations set: 50
[2025-09-08 13:53:16] Progress: Iter=16 | done=50/50 (100.0%%) | elapsed=173s | eta=00:00:00
[2025-09-08 13:53:17] Evolution iteration -> 17
[2025-09-08 13:53:17] Total evaluations set: 50
[2025-09-08 13:53:19] Progress: Iter=17 | done=50/50 (100.0%%) | elapsed=177s | eta=00:00:00
[2025-09-08 13:53:20] Evolution iteration -> 18
[2025-09-08 13:53:20] Progress: Iter=18 | done=51/50 (102.0%%) | elapsed=177s | eta=00:00:-3
[2025-09-08 13:53:20] Evolution iteration -> 0
[2025-09-08 13:53:26] Progress: Iter=0 | done=52/50 (104.0%%) | elapsed=180s | eta=00:00:-6
[2025-09-08 13:53:26] Progress: Iter=0 | done=53/50 (106.0%%) | elapsed=180s | eta=00:00:**
[2025-09-08 13:53:26] Progress: Iter=0 | done=54/50 (108.0%%) | elapsed=180s | eta=00:00:**
[2025-09-08 13:53:26] Progress: Iter=0 | done=55/50 (110.0%%) | elapsed=180s | eta=00:00:**
[2025-09-08 13:53:26] Progress: Iter=0 | done=56/50 (112.0%%) | elapsed=180s | eta=00:00:**
[2025-09-08 13:53:27] Progress: Iter=0 | done=57/50 (114.0%%) | elapsed=180s | eta=00:00:**
[2025-09-08 13:53:27] Progress: Iter=0 | done=58/50 (116.0%%) | elapsed=180s | eta=00:00:**
[2025-09-08 13:53:27] Progress: Iter=0 | done=59/50 (118.0%%) | elapsed=180s | eta=00:00:**
[2025-09-08 13:53:27] Progress: Iter=0 | done=60/50 (120.0%%) | elapsed=180s | eta=00:00:**
[2025-09-08 13:53:27] Progress: Iter=0 | done=61/50 (122.0%%) | elapsed=180s | eta=00:00:**
[2025-09-08 13:53:27] Progress: Iter=0 | done=62/50 (124.0%%) | elapsed=180s | eta=00:00:**
[2025-09-08 13:53:27] Progress: Iter=0 | done=63/50 (126.0%%) | elapsed=180s | eta=00:00:**
[2025-09-08 13:53:27] Progress: Iter=0 | done=64/50 (128.0%%) | elapsed=180s | eta=00:00:**
[2025-09-08 13:53:27] Progress: Iter=0 | done=65/50 (130.0%%) | elapsed=180s | eta=00:00:**
[2025-09-08 13:53:27] Progress: Iter=0 | done=66/50 (132.0%%) | elapsed=180s | eta=00:00:**
[2025-09-08 13:53:27] Progress: Iter=0 | done=67/50 (134.0%%) | elapsed=180s | eta=00:00:**
[2025-09-08 13:53:27] Progress: Iter=0 | done=68/50 (136.0%%) | elapsed=180s | eta=00:00:**
[2025-09-08 13:53:27] Progress: Iter=0 | done=69/50 (138.0%%) | elapsed=180s | eta=00:00:**
[2025-09-08 13:53:27] Progress: Iter=0 | done=70/50 (140.0%%) | elapsed=180s | eta=00:00:**
[2025-09-08 13:53:27] Progress: Iter=0 | done=71/50 (142.0%%) | elapsed=180s | eta=00:00:**
[2025-09-08 13:53:27] Progress: Iter=0 | done=72/50 (144.0%%) | elapsed=181s | eta=00:00:**
[2025-09-08 13:53:27] Progress: Iter=0 | done=73/50 (146.0%%) | elapsed=181s | eta=00:00:**
[2025-09-08 13:53:27] Progress: Iter=0 | done=74/50 (148.0%%) | elapsed=181s | eta=00:00:**
[2025-09-08 13:53:27] Progress: Iter=0 | done=75/50 (150.0%%) | elapsed=181s | eta=00:-1:00
[2025-09-08 13:53:27] Progress: Iter=0 | done=76/50 (152.0%%) | elapsed=181s | eta=00:-1:-1
[2025-09-08 13:53:27] Progress: Iter=0 | done=77/50 (154.0%%) | elapsed=181s | eta=00:-1:-3
[2025-09-08 13:53:27] Progress: Iter=0 | done=78/50 (156.0%%) | elapsed=181s | eta=00:-1:-4
[2025-09-08 13:53:27] Progress: Iter=0 | done=79/50 (158.0%%) | elapsed=181s | eta=00:-1:-6
[2025-09-08 13:53:27] Progress: Iter=0 | done=80/50 (160.0%%) | elapsed=181s | eta=00:-1:-7
[2025-09-08 13:53:27] Progress: Iter=0 | done=81/50 (162.0%%) | elapsed=181s | eta=00:-1:-9
[2025-09-08 13:53:27] Progress: Iter=0 | done=82/50 (164.0%%) | elapsed=181s | eta=00:-1:**
[2025-09-08 13:53:27] Progress: Iter=0 | done=83/50 (166.0%%) | elapsed=181s | eta=00:-1:**
[2025-09-08 13:53:27] Progress: Iter=0 | done=84/50 (168.0%%) | elapsed=181s | eta=00:-1:**
[2025-09-08 13:53:27] Progress: Iter=0 | done=85/50 (170.0%%) | elapsed=181s | eta=00:-1:**
[2025-09-08 13:53:27] Progress: Iter=0 | done=86/50 (172.0%%) | elapsed=181s | eta=00:-1:**
[2025-09-08 13:53:27] Progress: Iter=0 | done=87/50 (174.0%%) | elapsed=181s | eta=00:-1:**
[2025-09-08 13:53:27] Progress: Iter=0 | done=88/50 (176.0%%) | elapsed=181s | eta=00:-1:**
[2025-09-08 13:53:27] Progress: Iter=0 | done=89/50 (178.0%%) | elapsed=181s | eta=00:-1:**
[2025-09-08 13:53:27] Progress: Iter=0 | done=90/50 (180.0%%) | elapsed=181s | eta=00:-1:**
[2025-09-08 13:53:27] Progress: Iter=0 | done=91/50 (182.0%%) | elapsed=181s | eta=00:-1:**
[2025-09-08 13:53:27] Progress: Iter=0 | done=93/50 (186.0%%) | elapsed=181s | eta=00:-1:**
[2025-09-08 13:53:27] Progress: Iter=0 | done=92/50 (184.0%%) | elapsed=181s | eta=00:-1:**
[2025-09-08 13:53:27] Progress: Iter=0 | done=94/50 (188.0%%) | elapsed=181s | eta=00:-1:**
[2025-09-08 13:53:27] Progress: Iter=0 | done=95/50 (190.0%%) | elapsed=181s | eta=00:-1:**
[2025-09-08 13:53:27] Progress: Iter=0 | done=96/50 (192.0%%) | elapsed=181s | eta=00:-1:**
[2025-09-08 13:53:27] Progress: Iter=0 | done=97/50 (194.0%%) | elapsed=181s | eta=00:-1:**
[2025-09-08 13:53:27] Progress: Iter=0 | done=98/50 (196.0%%) | elapsed=181s | eta=00:-1:**
[2025-09-08 13:53:27] Progress: Iter=0 | done=99/50 (198.0%%) | elapsed=181s | eta=00:-1:**
[2025-09-08 13:53:27] Progress: Iter=0 | done=100/50 (200.0%%) | elapsed=181s | eta=00:-1:**
[2025-09-08 13:53:27] Progress: Iter=0 | done=101/50 (202.0%%) | elapsed=181s | eta=00:-1:**
[2025-09-08 13:53:28] Evolution iteration -> 1
[2025-09-08 13:53:28] Total evaluations set: 50
[2025-09-08 13:53:30] Progress: Iter=1 | done=50/50 (100.0%%) | elapsed=184s | eta=00:00:00
[2025-09-08 13:53:31] Evolution iteration -> 2
[2025-09-08 13:53:31] Total evaluations set: 50
[2025-09-08 13:53:33] Progress: Iter=2 | done=50/50 (100.0%%) | elapsed=187s | eta=00:00:00
[2025-09-08 13:53:33] Evolution iteration -> 3
[2025-09-08 13:53:33] Total evaluations set: 50
[2025-09-08 13:53:36] Progress: Iter=3 | done=50/50 (100.0%%) | elapsed=190s | eta=00:00:00
[2025-09-08 13:53:36] Evolution iteration -> 4
[2025-09-08 13:53:36] Total evaluations set: 50
[2025-09-08 13:53:39] Progress: Iter=4 | done=50/50 (100.0%%) | elapsed=193s | eta=00:00:00
[2025-09-08 13:53:39] Evolution iteration -> 5
[2025-09-08 13:53:39] Total evaluations set: 50
[2025-09-08 13:53:42] Progress: Iter=5 | done=50/50 (100.0%%) | elapsed=196s | eta=00:00:00
[2025-09-08 13:53:43] Evolution iteration -> 6
[2025-09-08 13:53:43] Total evaluations set: 50
[2025-09-08 13:53:45] Progress: Iter=6 | done=50/50 (100.0%%) | elapsed=199s | eta=00:00:00
[2025-09-08 13:53:46] Evolution iteration -> 7
[2025-09-08 13:53:46] Total evaluations set: 50
[2025-09-08 13:53:48] Progress: Iter=7 | done=50/50 (100.0%%) | elapsed=202s | eta=00:00:00
[2025-09-08 13:53:49] Evolution iteration -> 8
[2025-09-08 13:53:49] Total evaluations set: 50
[2025-09-08 13:53:51] Progress: Iter=8 | done=50/50 (100.0%%) | elapsed=205s | eta=00:00:00
[2025-09-08 13:53:52] Evolution iteration -> 9
[2025-09-08 13:53:52] Total evaluations set: 50
[2025-09-08 13:53:55] Progress: Iter=9 | done=50/50 (100.0%%) | elapsed=209s | eta=00:00:00
[2025-09-08 13:53:55] Evolution iteration -> 10
[2025-09-08 13:53:55] Total evaluations set: 50
[2025-09-08 13:53:58] Progress: Iter=10 | done=50/50 (100.0%%) | elapsed=212s | eta=00:00:00
[2025-09-08 13:53:58] Evolution iteration -> 11
[2025-09-08 13:53:58] Total evaluations set: 50
[2025-09-08 13:54:01] Progress: Iter=11 | done=50/50 (100.0%%) | elapsed=215s | eta=00:00:00
[2025-09-08 13:54:01] Evolution iteration -> 12
[2025-09-08 13:54:01] Total evaluations set: 50
[2025-09-08 13:54:04] Progress: Iter=12 | done=50/50 (100.0%%) | elapsed=218s | eta=00:00:00
[2025-09-08 13:54:05] Evolution iteration -> 13
[2025-09-08 13:54:05] Total evaluations set: 50
[2025-09-08 13:54:07] Progress: Iter=13 | done=50/50 (100.0%%) | elapsed=221s | eta=00:00:00
[2025-09-08 13:54:08] Evolution iteration -> 14
[2025-09-08 13:54:08] Total evaluations set: 50
[2025-09-08 13:54:10] Progress: Iter=14 | done=50/50 (100.0%%) | elapsed=224s | eta=00:00:00
[2025-09-08 13:54:11] Evolution iteration -> 15
[2025-09-08 13:54:11] Total evaluations set: 50
[2025-09-08 13:54:14] Progress: Iter=15 | done=50/50 (100.0%%) | elapsed=227s | eta=00:00:00
[2025-09-08 13:54:14] Evolution iteration -> 16
[2025-09-08 13:54:14] Total evaluations set: 50
[2025-09-08 13:54:17] Progress: Iter=16 | done=50/50 (100.0%%) | elapsed=231s | eta=00:00:00
[2025-09-08 13:54:17] Evolution iteration -> 17
[2025-09-08 13:54:17] Total evaluations set: 50
[2025-09-08 13:54:20] Progress: Iter=17 | done=50/50 (100.0%%) | elapsed=234s | eta=00:00:00
[2025-09-08 13:54:20] Evolution iteration -> 18
[2025-09-08 13:54:20] Progress: Iter=18 | done=51/50 (102.0%%) | elapsed=234s | eta=00:00:-4
[2025-09-08 13:54:21] Evolution iteration -> 0
[2025-09-08 13:54:23] Progress: Iter=0 | done=52/50 (104.0%%) | elapsed=237s | eta=00:00:-9
[2025-09-08 13:54:23] Progress: Iter=0 | done=53/50 (106.0%%) | elapsed=237s | eta=00:00:**
[2025-09-08 13:54:24] Progress: Iter=0 | done=54/50 (108.0%%) | elapsed=237s | eta=00:00:**
[2025-09-08 13:54:24] Progress: Iter=0 | done=55/50 (110.0%%) | elapsed=237s | eta=00:00:**
[2025-09-08 13:54:24] Progress: Iter=0 | done=56/50 (112.0%%) | elapsed=237s | eta=00:00:**
[2025-09-08 13:54:24] Progress: Iter=0 | done=58/50 (116.0%%) | elapsed=237s | eta=00:00:**
[2025-09-08 13:54:24] Progress: Iter=0 | done=57/50 (114.0%%) | elapsed=237s | eta=00:00:**
[2025-09-08 13:54:24] Progress: Iter=0 | done=59/50 (118.0%%) | elapsed=237s | eta=00:00:**
[2025-09-08 13:54:24] Progress: Iter=0 | done=61/50 (122.0%%) | elapsed=237s | eta=00:00:**
[2025-09-08 13:54:24] Progress: Iter=0 | done=60/50 (120.0%%) | elapsed=237s | eta=00:00:**
[2025-09-08 13:54:24] Progress: Iter=0 | done=62/50 (124.0%%) | elapsed=237s | eta=00:00:**
[2025-09-08 13:54:24] Progress: Iter=0 | done=63/50 (126.0%%) | elapsed=238s | eta=00:00:**
[2025-09-08 13:54:24] Progress: Iter=0 | done=64/50 (128.0%%) | elapsed=238s | eta=00:00:**
[2025-09-08 13:54:24] Progress: Iter=0 | done=65/50 (130.0%%) | elapsed=238s | eta=00:00:**
[2025-09-08 13:54:24] Progress: Iter=0 | done=66/50 (132.0%%) | elapsed=238s | eta=00:00:**
[2025-09-08 13:54:24] Progress: Iter=0 | done=68/50 (136.0%%) | elapsed=238s | eta=00:-1:-3
[2025-09-08 13:54:24] Progress: Iter=0 | done=67/50 (134.0%%) | elapsed=238s | eta=00:-1:00
[2025-09-08 13:54:24] Progress: Iter=0 | done=69/50 (138.0%%) | elapsed=238s | eta=00:-1:-5
[2025-09-08 13:54:24] Progress: Iter=0 | done=70/50 (140.0%%) | elapsed=238s | eta=00:-1:-8
[2025-09-08 13:54:24] Progress: Iter=0 | done=71/50 (142.0%%) | elapsed=238s | eta=00:-1:**
[2025-09-08 13:54:24] Progress: Iter=0 | done=72/50 (144.0%%) | elapsed=238s | eta=00:-1:**
[2025-09-08 13:54:24] Progress: Iter=0 | done=73/50 (146.0%%) | elapsed=238s | eta=00:-1:**
[2025-09-08 13:54:24] Progress: Iter=0 | done=74/50 (148.0%%) | elapsed=238s | eta=00:-1:**
[2025-09-08 13:54:24] Progress: Iter=0 | done=75/50 (150.0%%) | elapsed=238s | eta=00:-1:**
[2025-09-08 13:54:24] Progress: Iter=0 | done=76/50 (152.0%%) | elapsed=238s | eta=00:-1:**
[2025-09-08 13:54:24] Progress: Iter=0 | done=77/50 (154.0%%) | elapsed=238s | eta=00:-1:**
[2025-09-08 13:54:24] Progress: Iter=0 | done=78/50 (156.0%%) | elapsed=238s | eta=00:-1:**
[2025-09-08 13:54:24] Progress: Iter=0 | done=79/50 (158.0%%) | elapsed=238s | eta=00:-1:**
[2025-09-08 13:54:24] Progress: Iter=0 | done=80/50 (160.0%%) | elapsed=238s | eta=00:-1:**
[2025-09-08 13:54:24] Progress: Iter=0 | done=81/50 (162.0%%) | elapsed=238s | eta=00:-1:**
[2025-09-08 13:54:24] Progress: Iter=0 | done=82/50 (164.0%%) | elapsed=238s | eta=00:-1:**
[2025-09-08 13:54:24] Progress: Iter=0 | done=83/50 (166.0%%) | elapsed=238s | eta=00:-1:**
[2025-09-08 13:54:24] Progress: Iter=0 | done=84/50 (168.0%%) | elapsed=238s | eta=00:-1:**
[2025-09-08 13:54:24] Progress: Iter=0 | done=85/50 (170.0%%) | elapsed=238s | eta=00:-1:**
[2025-09-08 13:54:24] Progress: Iter=0 | done=86/50 (172.0%%) | elapsed=238s | eta=00:-1:**
[2025-09-08 13:54:24] Progress: Iter=0 | done=87/50 (174.0%%) | elapsed=238s | eta=00:-1:**
[2025-09-08 13:54:24] Progress: Iter=0 | done=88/50 (176.0%%) | elapsed=238s | eta=00:-1:**
[2025-09-08 13:54:24] Progress: Iter=0 | done=89/50 (178.0%%) | elapsed=238s | eta=00:-1:**
[2025-09-08 13:54:24] Progress: Iter=0 | done=90/50 (180.0%%) | elapsed=238s | eta=00:-1:**
[2025-09-08 13:54:24] Progress: Iter=0 | done=91/50 (182.0%%) | elapsed=238s | eta=00:-1:**
[2025-09-08 13:54:24] Progress: Iter=0 | done=92/50 (184.0%%) | elapsed=238s | eta=00:-1:**
[2025-09-08 13:54:24] Progress: Iter=0 | done=93/50 (186.0%%) | elapsed=238s | eta=00:-1:**
[2025-09-08 13:54:24] Progress: Iter=0 | done=94/50 (188.0%%) | elapsed=238s | eta=00:-1:**
[2025-09-08 13:54:24] Progress: Iter=0 | done=97/50 (194.0%%) | elapsed=238s | eta=00:-1:**
[2025-09-08 13:54:24] Progress: Iter=0 | done=96/50 (192.0%%) | elapsed=238s | eta=00:-1:**
[2025-09-08 13:54:24] Progress: Iter=0 | done=95/50 (190.0%%) | elapsed=238s | eta=00:-1:**
[2025-09-08 13:54:24] Progress: Iter=0 | done=98/50 (196.0%%) | elapsed=238s | eta=00:-1:**
[2025-09-08 13:54:24] Progress: Iter=0 | done=99/50 (198.0%%) | elapsed=238s | eta=00:-1:**
[2025-09-08 13:54:24] Progress: Iter=0 | done=100/50 (200.0%%) | elapsed=238s | eta=00:-1:**
[2025-09-08 13:54:24] Progress: Iter=0 | done=101/50 (202.0%%) | elapsed=238s | eta=00:-2:00
[2025-09-08 13:54:28] Evolution iteration -> 1
[2025-09-08 13:54:28] Total evaluations set: 50
[2025-09-08 13:54:31] Progress: Iter=1 | done=50/50 (100.0%%) | elapsed=241s | eta=00:00:00
[2025-09-08 13:54:31] Evolution iteration -> 2
[2025-09-08 13:54:31] Total evaluations set: 50
[2025-09-08 13:54:34] Progress: Iter=2 | done=50/50 (100.0%%) | elapsed=244s | eta=00:00:00
[2025-09-08 13:54:34] Evolution iteration -> 3
[2025-09-08 13:54:34] Total evaluations set: 50
[2025-09-08 13:54:37] Progress: Iter=3 | done=50/50 (100.0%%) | elapsed=247s | eta=00:00:00
[2025-09-08 13:54:37] Evolution iteration -> 4
[2025-09-08 13:54:37] Total evaluations set: 50
[2025-09-08 13:54:40] Progress: Iter=4 | done=50/50 (100.0%%) | elapsed=250s | eta=00:00:00
[2025-09-08 13:54:40] Evolution iteration -> 5
[2025-09-08 13:54:40] Total evaluations set: 50
[2025-09-08 13:54:43] Progress: Iter=5 | done=50/50 (100.0%%) | elapsed=254s | eta=00:00:00
[2025-09-08 13:54:43] Evolution iteration -> 6
[2025-09-08 13:54:43] Total evaluations set: 50
[2025-09-08 13:54:46] Progress: Iter=6 | done=50/50 (100.0%%) | elapsed=257s | eta=00:00:00
[2025-09-08 13:54:47] Evolution iteration -> 7
[2025-09-08 13:54:47] Total evaluations set: 50
[2025-09-08 13:54:49] Progress: Iter=7 | done=50/50 (100.0%%) | elapsed=260s | eta=00:00:00
[2025-09-08 13:54:50] Evolution iteration -> 8
[2025-09-08 13:54:50] Total evaluations set: 50
[2025-09-08 13:54:52] Progress: Iter=8 | done=50/50 (100.0%%) | elapsed=263s | eta=00:00:00
[2025-09-08 13:54:53] Evolution iteration -> 9
[2025-09-08 13:54:53] Total evaluations set: 50
[2025-09-08 13:54:56] Progress: Iter=9 | done=50/50 (100.0%%) | elapsed=266s | eta=00:00:00
[2025-09-08 13:54:56] Evolution iteration -> 10
[2025-09-08 13:54:56] Total evaluations set: 50
[2025-09-08 13:54:59] Progress: Iter=10 | done=50/50 (100.0%%) | elapsed=269s | eta=00:00:00
[2025-09-08 13:54:59] Evolution iteration -> 11
[2025-09-08 13:54:59] Total evaluations set: 50
[2025-09-08 13:55:02] Progress: Iter=11 | done=50/50 (100.0%%) | elapsed=272s | eta=00:00:00
[2025-09-08 13:55:02] Evolution iteration -> 12
[2025-09-08 13:55:02] Total evaluations set: 50
[2025-09-08 13:55:05] Progress: Iter=12 | done=50/50 (100.0%%) | elapsed=276s | eta=00:00:00
[2025-09-08 13:55:05] Evolution iteration -> 13
[2025-09-08 13:55:05] Total evaluations set: 50
[2025-09-08 13:55:08] Progress: Iter=13 | done=50/50 (100.0%%) | elapsed=279s | eta=00:00:00
[2025-09-08 13:55:08] Evolution iteration -> 14
[2025-09-08 13:55:08] Total evaluations set: 50
[2025-09-08 13:55:11] Progress: Iter=14 | done=50/50 (100.0%%) | elapsed=282s | eta=00:00:00
[2025-09-08 13:55:11] Evolution iteration -> 15
[2025-09-08 13:55:11] Total evaluations set: 50
[2025-09-08 13:55:14] Progress: Iter=15 | done=50/50 (100.0%%) | elapsed=284s | eta=00:00:00
[2025-09-08 13:55:14] Evolution iteration -> 16
[2025-09-08 13:55:14] Total evaluations set: 50
[2025-09-08 13:55:17] Progress: Iter=16 | done=50/50 (100.0%%) | elapsed=287s | eta=00:00:00
[2025-09-08 13:55:17] Evolution iteration -> 17
[2025-09-08 13:55:17] Total evaluations set: 50
[2025-09-08 13:55:20] Progress: Iter=17 | done=50/50 (100.0%%) | elapsed=290s | eta=00:00:00
[2025-09-08 13:55:20] Evolution iteration -> 18
[2025-09-08 13:55:20] Progress: Iter=18 | done=51/50 (102.0%%) | elapsed=291s | eta=00:00:-5
[2025-09-08 13:55:21] Evolution iteration -> 0
[2025-09-08 13:55:23] Progress: Iter=0 | done=52/50 (104.0%%) | elapsed=294s | eta=00:00:**
[2025-09-08 13:55:23] Progress: Iter=0 | done=53/50 (106.0%%) | elapsed=294s | eta=00:00:**
[2025-09-08 13:55:24] Progress: Iter=0 | done=54/50 (108.0%%) | elapsed=294s | eta=00:00:**
[2025-09-08 13:55:24] Progress: Iter=0 | done=55/50 (110.0%%) | elapsed=294s | eta=00:00:**
[2025-09-08 13:55:24] Progress: Iter=0 | done=56/50 (112.0%%) | elapsed=294s | eta=00:00:**
[2025-09-08 13:55:24] Progress: Iter=0 | done=57/50 (114.0%%) | elapsed=294s | eta=00:00:**
[2025-09-08 13:55:24] Progress: Iter=0 | done=58/50 (116.0%%) | elapsed=294s | eta=00:00:**
[2025-09-08 13:55:24] Progress: Iter=0 | done=59/50 (118.0%%) | elapsed=294s | eta=00:00:**
[2025-09-08 13:55:24] Progress: Iter=0 | done=60/50 (120.0%%) | elapsed=294s | eta=00:00:**
[2025-09-08 13:55:24] Progress: Iter=0 | done=61/50 (122.0%%) | elapsed=294s | eta=00:00:**
[2025-09-08 13:55:24] Progress: Iter=0 | done=62/50 (124.0%%) | elapsed=294s | eta=00:00:**
[2025-09-08 13:55:24] Progress: Iter=0 | done=63/50 (126.0%%) | elapsed=294s | eta=00:-1:00
[2025-09-08 13:55:24] Progress: Iter=0 | done=64/50 (128.0%%) | elapsed=294s | eta=00:-1:-4
[2025-09-08 13:55:24] Progress: Iter=0 | done=65/50 (130.0%%) | elapsed=294s | eta=00:-1:-8
[2025-09-08 13:55:24] Progress: Iter=0 | done=66/50 (132.0%%) | elapsed=294s | eta=00:-1:**
[2025-09-08 13:55:24] Progress: Iter=0 | done=67/50 (134.0%%) | elapsed=294s | eta=00:-1:**
[2025-09-08 13:55:24] Progress: Iter=0 | done=68/50 (136.0%%) | elapsed=294s | eta=00:-1:**
[2025-09-08 13:55:24] Progress: Iter=0 | done=69/50 (138.0%%) | elapsed=294s | eta=00:-1:**
[2025-09-08 13:55:24] Progress: Iter=0 | done=70/50 (140.0%%) | elapsed=294s | eta=00:-1:**
[2025-09-08 13:55:24] Progress: Iter=0 | done=71/50 (142.0%%) | elapsed=294s | eta=00:-1:**
[2025-09-08 13:55:24] Progress: Iter=0 | done=72/50 (144.0%%) | elapsed=294s | eta=00:-1:**
[2025-09-08 13:55:24] Progress: Iter=0 | done=73/50 (146.0%%) | elapsed=294s | eta=00:-1:**
[2025-09-08 13:55:24] Progress: Iter=0 | done=74/50 (148.0%%) | elapsed=294s | eta=00:-1:**
[2025-09-08 13:55:24] Progress: Iter=0 | done=75/50 (150.0%%) | elapsed=294s | eta=00:-1:**
[2025-09-08 13:55:24] Progress: Iter=0 | done=76/50 (152.0%%) | elapsed=295s | eta=00:-1:**
[2025-09-08 13:55:24] Progress: Iter=0 | done=77/50 (154.0%%) | elapsed=295s | eta=00:-1:**
[2025-09-08 13:55:24] Progress: Iter=0 | done=78/50 (156.0%%) | elapsed=295s | eta=00:-1:**
[2025-09-08 13:55:24] Progress: Iter=0 | done=79/50 (158.0%%) | elapsed=295s | eta=00:-1:**
[2025-09-08 13:55:24] Progress: Iter=0 | done=80/50 (160.0%%) | elapsed=295s | eta=00:-1:**
[2025-09-08 13:55:24] Progress: Iter=0 | done=81/50 (162.0%%) | elapsed=295s | eta=00:-1:**
[2025-09-08 13:55:24] Progress: Iter=0 | done=83/50 (166.0%%) | elapsed=295s | eta=00:-1:**
[2025-09-08 13:55:24] Progress: Iter=0 | done=82/50 (164.0%%) | elapsed=295s | eta=00:-1:**
[2025-09-08 13:55:24] Progress: Iter=0 | done=84/50 (168.0%%) | elapsed=295s | eta=00:-1:**
[2025-09-08 13:55:24] Progress: Iter=0 | done=85/50 (170.0%%) | elapsed=295s | eta=00:-2:-1
[2025-09-08 13:55:24] Progress: Iter=0 | done=86/50 (172.0%%) | elapsed=295s | eta=00:-2:-3
[2025-09-08 13:55:24] Progress: Iter=0 | done=87/50 (174.0%%) | elapsed=295s | eta=00:-2:-5
[2025-09-08 13:55:24] Progress: Iter=0 | done=88/50 (176.0%%) | elapsed=295s | eta=00:-2:-7
[2025-09-08 13:55:24] Progress: Iter=0 | done=89/50 (178.0%%) | elapsed=295s | eta=00:-2:-9
[2025-09-08 13:55:24] Progress: Iter=0 | done=90/50 (180.0%%) | elapsed=295s | eta=00:-2:**
[2025-09-08 13:55:24] Progress: Iter=0 | done=91/50 (182.0%%) | elapsed=295s | eta=00:-2:**
[2025-09-08 13:55:24] Progress: Iter=0 | done=92/50 (184.0%%) | elapsed=295s | eta=00:-2:**
[2025-09-08 13:55:24] Progress: Iter=0 | done=93/50 (186.0%%) | elapsed=295s | eta=00:-2:**
[2025-09-08 13:55:24] Progress: Iter=0 | done=95/50 (190.0%%) | elapsed=295s | eta=00:-2:**
[2025-09-08 13:55:24] Progress: Iter=0 | done=94/50 (188.0%%) | elapsed=295s | eta=00:-2:**
[2025-09-08 13:55:24] Progress: Iter=0 | done=96/50 (192.0%%) | elapsed=295s | eta=00:-2:**
[2025-09-08 13:55:24] Progress: Iter=0 | done=97/50 (194.0%%) | elapsed=295s | eta=00:-2:**
[2025-09-08 13:55:24] Progress: Iter=0 | done=98/50 (196.0%%) | elapsed=295s | eta=00:-2:**
[2025-09-08 13:55:24] Progress: Iter=0 | done=99/50 (198.0%%) | elapsed=295s | eta=00:-2:**
[2025-09-08 13:55:24] Progress: Iter=0 | done=100/50 (200.0%%) | elapsed=295s | eta=00:-2:**
[2025-09-08 13:55:24] Progress: Iter=0 | done=101/50 (202.0%%) | elapsed=295s | eta=00:-2:**
[2025-09-08 13:55:25] Evolution iteration -> 1
[2025-09-08 13:55:25] Total evaluations set: 50
[2025-09-08 13:55:27] Progress: Iter=1 | done=50/50 (100.0%%) | elapsed=298s | eta=00:00:00
[2025-09-08 13:55:31] Evolution iteration -> 2
[2025-09-08 13:55:31] Total evaluations set: 50
[2025-09-08 13:55:34] Progress: Iter=2 | done=50/50 (100.0%%) | elapsed=301s | eta=00:00:00
[2025-09-08 13:55:34] Evolution iteration -> 3
[2025-09-08 13:55:34] Total evaluations set: 50
[2025-09-08 13:55:37] Progress: Iter=3 | done=50/50 (100.0%%) | elapsed=304s | eta=00:00:00
[2025-09-08 13:55:38] Evolution iteration -> 4
[2025-09-08 13:55:38] Total evaluations set: 50
[2025-09-08 13:55:40] Progress: Iter=4 | done=50/50 (100.0%%) | elapsed=307s | eta=00:00:00
[2025-09-08 13:55:41] Evolution iteration -> 5
[2025-09-08 13:55:41] Total evaluations set: 50
[2025-09-08 13:55:43] Progress: Iter=5 | done=50/50 (100.0%%) | elapsed=310s | eta=00:00:00
[2025-09-08 13:55:43] Evolution iteration -> 6
[2025-09-08 13:55:43] Total evaluations set: 50
[2025-09-08 13:55:46] Progress: Iter=6 | done=50/50 (100.0%%) | elapsed=313s | eta=00:00:00
[2025-09-08 13:55:47] Evolution iteration -> 7
[2025-09-08 13:55:47] Total evaluations set: 50
[2025-09-08 13:55:49] Progress: Iter=7 | done=50/50 (100.0%%) | elapsed=316s | eta=00:00:00
[2025-09-08 13:55:50] Evolution iteration -> 8
[2025-09-08 13:55:50] Total evaluations set: 50
[2025-09-08 13:55:52] Progress: Iter=8 | done=50/50 (100.0%%) | elapsed=319s | eta=00:00:00
[2025-09-08 13:55:53] Evolution iteration -> 9
[2025-09-08 13:55:53] Total evaluations set: 50
[2025-09-08 13:55:56] Progress: Iter=9 | done=50/50 (100.0%%) | elapsed=322s | eta=00:00:00
[2025-09-08 13:55:56] Evolution iteration -> 10
[2025-09-08 13:55:56] Total evaluations set: 50
[2025-09-08 13:56:00] Progress: Iter=10 | done=50/50 (100.0%%) | elapsed=326s | eta=00:00:00
[2025-09-08 13:56:00] Evolution iteration -> 11
[2025-09-08 13:56:00] Total evaluations set: 50
[2025-09-08 13:56:03] Progress: Iter=11 | done=50/50 (100.0%%) | elapsed=330s | eta=00:00:00
[2025-09-08 13:56:03] Evolution iteration -> 12
[2025-09-08 13:56:03] Total evaluations set: 50
[2025-09-08 13:56:06] Progress: Iter=12 | done=50/50 (100.0%%) | elapsed=333s | eta=00:00:00
[2025-09-08 13:56:07] Evolution iteration -> 13
[2025-09-08 13:56:07] Total evaluations set: 50
[2025-09-08 13:56:10] Progress: Iter=13 | done=50/50 (100.0%%) | elapsed=337s | eta=00:00:00
[2025-09-08 13:56:10] Evolution iteration -> 14
[2025-09-08 13:56:10] Total evaluations set: 50
[2025-09-08 13:56:13] Progress: Iter=14 | done=50/50 (100.0%%) | elapsed=340s | eta=00:00:00
[2025-09-08 13:56:14] Evolution iteration -> 15
[2025-09-08 13:56:14] Total evaluations set: 50
[2025-09-08 13:56:17] Progress: Iter=15 | done=50/50 (100.0%%) | elapsed=344s | eta=00:00:00
[2025-09-08 13:56:18] Evolution iteration -> 16
[2025-09-08 13:56:18] Total evaluations set: 50
[2025-09-08 13:56:21] Progress: Iter=16 | done=50/50 (100.0%%) | elapsed=348s | eta=00:00:00
[2025-09-08 13:56:21] Evolution iteration -> 17
[2025-09-08 13:56:21] Total evaluations set: 50
[2025-09-08 13:56:25] Progress: Iter=17 | done=50/50 (100.0%%) | elapsed=351s | eta=00:00:00
[2025-09-08 13:56:25] Evolution iteration -> 18
[2025-09-08 13:56:25] Progress: Iter=18 | done=51/50 (102.0%%) | elapsed=352s | eta=00:00:-6
[2025-09-08 13:56:26] Evolution iteration -> 0
[2025-09-08 13:56:29] Progress: Iter=0 | done=52/50 (104.0%%) | elapsed=356s | eta=00:00:**
[2025-09-08 13:56:29] Progress: Iter=0 | done=53/50 (106.0%%) | elapsed=356s | eta=00:00:**
[2025-09-08 13:56:29] Progress: Iter=0 | done=54/50 (108.0%%) | elapsed=356s | eta=00:00:**
[2025-09-08 13:56:29] Progress: Iter=0 | done=55/50 (110.0%%) | elapsed=356s | eta=00:00:**
[2025-09-08 13:56:29] Progress: Iter=0 | done=56/50 (112.0%%) | elapsed=356s | eta=00:00:**
[2025-09-08 13:56:29] Progress: Iter=0 | done=57/50 (114.0%%) | elapsed=356s | eta=00:00:**
[2025-09-08 13:56:29] Progress: Iter=0 | done=58/50 (116.0%%) | elapsed=356s | eta=00:00:**
[2025-09-08 13:56:29] Progress: Iter=0 | done=59/50 (118.0%%) | elapsed=356s | eta=00:00:**
[2025-09-08 13:56:29] Progress: Iter=0 | done=60/50 (120.0%%) | elapsed=356s | eta=00:00:**
[2025-09-08 13:56:29] Progress: Iter=0 | done=61/50 (122.0%%) | elapsed=356s | eta=00:-1:-4
[2025-09-08 13:56:29] Progress: Iter=0 | done=62/50 (124.0%%) | elapsed=356s | eta=00:-1:-9
[2025-09-08 13:56:29] Progress: Iter=0 | done=63/50 (126.0%%) | elapsed=356s | eta=00:-1:**
[2025-09-08 13:56:29] Progress: Iter=0 | done=64/50 (128.0%%) | elapsed=356s | eta=00:-1:**
[2025-09-08 13:56:29] Progress: Iter=0 | done=65/50 (130.0%%) | elapsed=356s | eta=00:-1:**
[2025-09-08 13:56:29] Progress: Iter=0 | done=66/50 (132.0%%) | elapsed=356s | eta=00:-1:**
[2025-09-08 13:56:29] Progress: Iter=0 | done=67/50 (134.0%%) | elapsed=356s | eta=00:-1:**
[2025-09-08 13:56:29] Progress: Iter=0 | done=68/50 (136.0%%) | elapsed=356s | eta=00:-1:**
[2025-09-08 13:56:29] Progress: Iter=0 | done=69/50 (138.0%%) | elapsed=356s | eta=00:-1:**
[2025-09-08 13:56:29] Progress: Iter=0 | done=70/50 (140.0%%) | elapsed=356s | eta=00:-1:**
[2025-09-08 13:56:29] Progress: Iter=0 | done=71/50 (142.0%%) | elapsed=356s | eta=00:-1:**
[2025-09-08 13:56:29] Progress: Iter=0 | done=72/50 (144.0%%) | elapsed=356s | eta=00:-1:**
[2025-09-08 13:56:29] Progress: Iter=0 | done=73/50 (146.0%%) | elapsed=356s | eta=00:-1:**
[2025-09-08 13:56:29] Progress: Iter=0 | done=74/50 (148.0%%) | elapsed=356s | eta=00:-1:**
[2025-09-08 13:56:29] Progress: Iter=0 | done=75/50 (150.0%%) | elapsed=356s | eta=00:-1:**
[2025-09-08 13:56:29] Progress: Iter=0 | done=76/50 (152.0%%) | elapsed=356s | eta=00:-2:-2
[2025-09-08 13:56:29] Progress: Iter=0 | done=77/50 (154.0%%) | elapsed=356s | eta=00:-2:-5
[2025-09-08 13:56:29] Progress: Iter=0 | done=78/50 (156.0%%) | elapsed=356s | eta=00:-2:-8
[2025-09-08 13:56:29] Progress: Iter=0 | done=79/50 (158.0%%) | elapsed=356s | eta=00:-2:**
[2025-09-08 13:56:29] Progress: Iter=0 | done=80/50 (160.0%%) | elapsed=356s | eta=00:-2:**
[2025-09-08 13:56:29] Progress: Iter=0 | done=81/50 (162.0%%) | elapsed=356s | eta=00:-2:**
[2025-09-08 13:56:29] Progress: Iter=0 | done=82/50 (164.0%%) | elapsed=356s | eta=00:-2:**
[2025-09-08 13:56:29] Progress: Iter=0 | done=83/50 (166.0%%) | elapsed=356s | eta=00:-2:**
[2025-09-08 13:56:29] Progress: Iter=0 | done=84/50 (168.0%%) | elapsed=356s | eta=00:-2:**
[2025-09-08 13:56:29] Progress: Iter=0 | done=85/50 (170.0%%) | elapsed=356s | eta=00:-2:**
[2025-09-08 13:56:29] Progress: Iter=0 | done=86/50 (172.0%%) | elapsed=356s | eta=00:-2:**
[2025-09-08 13:56:30] Progress: Iter=0 | done=87/50 (174.0%%) | elapsed=356s | eta=00:-2:**
[2025-09-08 13:56:30] Progress: Iter=0 | done=88/50 (176.0%%) | elapsed=357s | eta=00:-2:**
[2025-09-08 13:56:30] Progress: Iter=0 | done=89/50 (178.0%%) | elapsed=357s | eta=00:-2:**
[2025-09-08 13:56:30] Progress: Iter=0 | done=90/50 (180.0%%) | elapsed=357s | eta=00:-2:**
[2025-09-08 13:56:30] Progress: Iter=0 | done=91/50 (182.0%%) | elapsed=357s | eta=00:-2:**
[2025-09-08 13:56:30] Progress: Iter=0 | done=92/50 (184.0%%) | elapsed=357s | eta=00:-2:**
[2025-09-08 13:56:30] Progress: Iter=0 | done=93/50 (186.0%%) | elapsed=357s | eta=00:-2:**
[2025-09-08 13:56:30] Progress: Iter=0 | done=94/50 (188.0%%) | elapsed=357s | eta=00:-2:**
[2025-09-08 13:56:30] Progress: Iter=0 | done=95/50 (190.0%%) | elapsed=357s | eta=00:-2:**
[2025-09-08 13:56:30] Progress: Iter=0 | done=96/50 (192.0%%) | elapsed=357s | eta=00:-2:**
[2025-09-08 13:56:30] Progress: Iter=0 | done=97/50 (194.0%%) | elapsed=357s | eta=00:-2:**
[2025-09-08 13:56:30] Progress: Iter=0 | done=98/50 (196.0%%) | elapsed=357s | eta=00:-2:**
[2025-09-08 13:56:30] Progress: Iter=0 | done=99/50 (198.0%%) | elapsed=357s | eta=00:-2:**
[2025-09-08 13:56:30] Progress: Iter=0 | done=100/50 (200.0%%) | elapsed=357s | eta=00:-2:**
[2025-09-08 13:56:30] Progress: Iter=0 | done=101/50 (202.0%%) | elapsed=357s | eta=00:-3:00
[2025-09-08 13:56:30] Evolution iteration -> 1
[2025-09-08 13:56:30] Total evaluations set: 50
[2025-09-08 13:56:37] Progress: Iter=1 | done=50/50 (100.0%%) | elapsed=361s | eta=00:00:00
[2025-09-08 13:56:38] Evolution iteration -> 2
[2025-09-08 13:56:38] Total evaluations set: 50
[2025-09-08 13:56:41] Progress: Iter=2 | done=50/50 (100.0%%) | elapsed=365s | eta=00:00:00
[2025-09-08 13:56:42] Evolution iteration -> 3
[2025-09-08 13:56:42] Total evaluations set: 50
[2025-09-08 13:56:45] Progress: Iter=3 | done=50/50 (100.0%%) | elapsed=369s | eta=00:00:00
[2025-09-08 13:56:45] Evolution iteration -> 4
[2025-09-08 13:56:45] Total evaluations set: 50
[2025-09-08 13:56:49] Progress: Iter=4 | done=50/50 (100.0%%) | elapsed=372s | eta=00:00:00
[2025-09-08 13:56:49] Evolution iteration -> 5
[2025-09-08 13:56:49] Total evaluations set: 50
[2025-09-08 13:56:52] Progress: Iter=5 | done=50/50 (100.0%%) | elapsed=376s | eta=00:00:00
[2025-09-08 13:56:53] Evolution iteration -> 6
[2025-09-08 13:56:53] Total evaluations set: 50
[2025-09-08 13:56:56] Progress: Iter=6 | done=50/50 (100.0%%) | elapsed=379s | eta=00:00:00
[2025-09-08 13:56:56] Evolution iteration -> 7
[2025-09-08 13:56:56] Total evaluations set: 50
[2025-09-08 13:56:59] Progress: Iter=7 | done=50/50 (100.0%%) | elapsed=383s | eta=00:00:00
[2025-09-08 13:56:59] Evolution iteration -> 8
[2025-09-08 13:56:59] Total evaluations set: 50
[2025-09-08 13:57:02] Progress: Iter=8 | done=50/50 (100.0%%) | elapsed=386s | eta=00:00:00
[2025-09-08 13:57:03] Evolution iteration -> 9
[2025-09-08 13:57:03] Total evaluations set: 50
[2025-09-08 13:57:06] Progress: Iter=9 | done=50/50 (100.0%%) | elapsed=390s | eta=00:00:00
[2025-09-08 13:57:07] Evolution iteration -> 10
[2025-09-08 13:57:07] Total evaluations set: 50
[2025-09-08 13:57:11] Progress: Iter=10 | done=50/50 (100.0%%) | elapsed=394s | eta=00:00:00
[2025-09-08 13:57:11] Evolution iteration -> 11
[2025-09-08 13:57:11] Total evaluations set: 50
[2025-09-08 13:57:14] Progress: Iter=11 | done=50/50 (100.0%%) | elapsed=398s | eta=00:00:00
[2025-09-08 13:57:15] Evolution iteration -> 12
[2025-09-08 13:57:15] Total evaluations set: 50
[2025-09-08 13:57:18] Progress: Iter=12 | done=50/50 (100.0%%) | elapsed=402s | eta=00:00:00
[2025-09-08 13:57:19] Evolution iteration -> 13
[2025-09-08 13:57:19] Total evaluations set: 50
[2025-09-08 13:57:22] Progress: Iter=13 | done=50/50 (100.0%%) | elapsed=406s | eta=00:00:00
[2025-09-08 13:57:22] Evolution iteration -> 14
[2025-09-08 13:57:22] Total evaluations set: 50
[2025-09-08 13:57:25] Progress: Iter=14 | done=50/50 (100.0%%) | elapsed=409s | eta=00:00:00
[2025-09-08 13:57:26] Evolution iteration -> 15
[2025-09-08 13:57:26] Total evaluations set: 50
[2025-09-08 13:57:29] Progress: Iter=15 | done=50/50 (100.0%%) | elapsed=413s | eta=00:00:00
[2025-09-08 13:57:30] Evolution iteration -> 16
[2025-09-08 13:57:30] Total evaluations set: 50
[2025-09-08 13:57:33] Progress: Iter=16 | done=50/50 (100.0%%) | elapsed=416s | eta=00:00:00
[2025-09-08 13:57:33] Evolution iteration -> 17
[2025-09-08 13:57:33] Total evaluations set: 50
[2025-09-08 13:57:40] Progress: Iter=17 | done=50/50 (100.0%%) | elapsed=420s | eta=00:00:00
[2025-09-08 13:57:40] Evolution iteration -> 18
[2025-09-08 13:57:40] Progress: Iter=18 | done=51/50 (102.0%%) | elapsed=420s | eta=00:00:-8
[2025-09-08 13:57:41] Evolution iteration -> 0
[2025-09-08 13:57:45] Progress: Iter=0 | done=52/50 (104.0%%) | elapsed=425s | eta=00:00:**
[2025-09-08 13:57:45] Progress: Iter=0 | done=53/50 (106.0%%) | elapsed=425s | eta=00:00:**
[2025-09-08 13:57:45] Progress: Iter=0 | done=54/50 (108.0%%) | elapsed=425s | eta=00:00:**
[2025-09-08 13:57:45] Progress: Iter=0 | done=55/50 (110.0%%) | elapsed=425s | eta=00:00:**
[2025-09-08 13:57:45] Progress: Iter=0 | done=56/50 (112.0%%) | elapsed=425s | eta=00:00:**
[2025-09-08 13:57:45] Progress: Iter=0 | done=57/50 (114.0%%) | elapsed=425s | eta=00:00:**
[2025-09-08 13:57:45] Progress: Iter=0 | done=58/50 (116.0%%) | elapsed=425s | eta=00:00:**
[2025-09-08 13:57:45] Progress: Iter=0 | done=59/50 (118.0%%) | elapsed=425s | eta=00:-1:-4
[2025-09-08 13:57:45] Progress: Iter=0 | done=60/50 (120.0%%) | elapsed=425s | eta=00:-1:**
[2025-09-08 13:57:45] Progress: Iter=0 | done=61/50 (122.0%%) | elapsed=425s | eta=00:-1:**
[2025-09-08 13:57:45] Progress: Iter=0 | done=62/50 (124.0%%) | elapsed=425s | eta=00:-1:**
[2025-09-08 13:57:45] Progress: Iter=0 | done=63/50 (126.0%%) | elapsed=425s | eta=00:-1:**
[2025-09-08 13:57:45] Progress: Iter=0 | done=65/50 (130.0%%) | elapsed=425s | eta=00:-1:**
[2025-09-08 13:57:45] Progress: Iter=0 | done=64/50 (128.0%%) | elapsed=425s | eta=00:-1:**
[2025-09-08 13:57:45] Progress: Iter=0 | done=66/50 (132.0%%) | elapsed=425s | eta=00:-1:**
[2025-09-08 13:57:45] Progress: Iter=0 | done=67/50 (134.0%%) | elapsed=425s | eta=00:-1:**
[2025-09-08 13:57:45] Progress: Iter=0 | done=68/50 (136.0%%) | elapsed=425s | eta=00:-1:**
[2025-09-08 13:57:45] Progress: Iter=0 | done=69/50 (138.0%%) | elapsed=425s | eta=00:-1:**
[2025-09-08 13:57:45] Progress: Iter=0 | done=70/50 (140.0%%) | elapsed=425s | eta=00:-2:-1
[2025-09-08 13:57:45] Progress: Iter=0 | done=71/50 (142.0%%) | elapsed=425s | eta=00:-2:-5
[2025-09-08 13:57:45] Progress: Iter=0 | done=72/50 (144.0%%) | elapsed=425s | eta=00:-2:**
[2025-09-08 13:57:45] Progress: Iter=0 | done=73/50 (146.0%%) | elapsed=425s | eta=00:-2:**
[2025-09-08 13:57:45] Progress: Iter=0 | done=74/50 (148.0%%) | elapsed=425s | eta=00:-2:**
[2025-09-08 13:57:45] Progress: Iter=0 | done=75/50 (150.0%%) | elapsed=425s | eta=00:-2:**
[2025-09-08 13:57:45] Progress: Iter=0 | done=76/50 (152.0%%) | elapsed=425s | eta=00:-2:**
[2025-09-08 13:57:45] Progress: Iter=0 | done=77/50 (154.0%%) | elapsed=425s | eta=00:-2:**
[2025-09-08 13:57:45] Progress: Iter=0 | done=78/50 (156.0%%) | elapsed=425s | eta=00:-2:**
[2025-09-08 13:57:45] Progress: Iter=0 | done=79/50 (158.0%%) | elapsed=425s | eta=00:-2:**
[2025-09-08 13:57:45] Progress: Iter=0 | done=80/50 (160.0%%) | elapsed=425s | eta=00:-2:**
[2025-09-08 13:57:45] Progress: Iter=0 | done=81/50 (162.0%%) | elapsed=425s | eta=00:-2:**
[2025-09-08 13:57:45] Progress: Iter=0 | done=82/50 (164.0%%) | elapsed=425s | eta=00:-2:**
[2025-09-08 13:57:45] Progress: Iter=0 | done=83/50 (166.0%%) | elapsed=425s | eta=00:-2:**
[2025-09-08 13:57:45] Progress: Iter=0 | done=84/50 (168.0%%) | elapsed=425s | eta=00:-2:**
[2025-09-08 13:57:45] Progress: Iter=0 | done=85/50 (170.0%%) | elapsed=425s | eta=00:-2:**
[2025-09-08 13:57:45] Progress: Iter=0 | done=86/50 (172.0%%) | elapsed=425s | eta=00:-2:**
[2025-09-08 13:57:45] Progress: Iter=0 | done=87/50 (174.0%%) | elapsed=425s | eta=00:-3:-1
[2025-09-08 13:57:45] Progress: Iter=0 | done=88/50 (176.0%%) | elapsed=425s | eta=00:-3:-3
[2025-09-08 13:57:45] Progress: Iter=0 | done=89/50 (178.0%%) | elapsed=425s | eta=00:-3:-6
[2025-09-08 13:57:45] Progress: Iter=0 | done=90/50 (180.0%%) | elapsed=425s | eta=00:-3:-9
[2025-09-08 13:57:45] Progress: Iter=0 | done=91/50 (182.0%%) | elapsed=425s | eta=00:-3:**
[2025-09-08 13:57:45] Progress: Iter=0 | done=92/50 (184.0%%) | elapsed=425s | eta=00:-3:**
[2025-09-08 13:57:45] Progress: Iter=0 | done=93/50 (186.0%%) | elapsed=425s | eta=00:-3:**
[2025-09-08 13:57:45] Progress: Iter=0 | done=94/50 (188.0%%) | elapsed=425s | eta=00:-3:**
[2025-09-08 13:57:45] Progress: Iter=0 | done=95/50 (190.0%%) | elapsed=425s | eta=00:-3:**
[2025-09-08 13:57:46] Progress: Iter=0 | done=96/50 (192.0%%) | elapsed=426s | eta=00:-3:**
[2025-09-08 13:57:46] Progress: Iter=0 | done=97/50 (194.0%%) | elapsed=426s | eta=00:-3:**
[2025-09-08 13:57:46] Progress: Iter=0 | done=98/50 (196.0%%) | elapsed=426s | eta=00:-3:**
[2025-09-08 13:57:46] Progress: Iter=0 | done=99/50 (198.0%%) | elapsed=426s | eta=00:-3:**
[2025-09-08 13:57:46] Progress: Iter=0 | done=100/50 (200.0%%) | elapsed=426s | eta=00:-3:**
[2025-09-08 13:57:46] Progress: Iter=0 | done=101/50 (202.0%%) | elapsed=426s | eta=00:-3:**
[2025-09-08 13:57:46] Evolution iteration -> 1
[2025-09-08 13:57:46] Total evaluations set: 50
[2025-09-08 13:57:49] Progress: Iter=1 | done=50/50 (100.0%%) | elapsed=429s | eta=00:00:00
[2025-09-08 13:57:50] Evolution iteration -> 2
[2025-09-08 13:57:50] Total evaluations set: 50
[2025-09-08 13:57:55] Progress: Iter=2 | done=50/50 (100.0%%) | elapsed=435s | eta=00:00:00
[2025-09-08 13:57:56] Evolution iteration -> 3
[2025-09-08 13:57:56] Total evaluations set: 50
[2025-09-08 13:57:59] Progress: Iter=3 | done=50/50 (100.0%%) | elapsed=439s | eta=00:00:00
[2025-09-08 13:57:59] Evolution iteration -> 4
[2025-09-08 13:57:59] Total evaluations set: 50
[2025-09-08 13:58:02] Progress: Iter=4 | done=50/50 (100.0%%) | elapsed=442s | eta=00:00:00
[2025-09-08 13:58:02] Evolution iteration -> 5
[2025-09-08 13:58:02] Total evaluations set: 50
[2025-09-08 13:58:05] Progress: Iter=5 | done=50/50 (100.0%%) | elapsed=445s | eta=00:00:00
[2025-09-08 13:58:06] Evolution iteration -> 6
[2025-09-08 13:58:06] Total evaluations set: 50
[2025-09-08 13:58:09] Progress: Iter=6 | done=50/50 (100.0%%) | elapsed=449s | eta=00:00:00
[2025-09-08 13:58:10] Evolution iteration -> 7
[2025-09-08 13:58:10] Total evaluations set: 50
[2025-09-08 13:58:13] Progress: Iter=7 | done=50/50 (100.0%%) | elapsed=453s | eta=00:00:00
[2025-09-08 13:58:13] Evolution iteration -> 8
[2025-09-08 13:58:13] Total evaluations set: 50
[2025-09-08 13:58:16] Progress: Iter=8 | done=50/50 (100.0%%) | elapsed=456s | eta=00:00:00
[2025-09-08 13:58:17] Evolution iteration -> 9
[2025-09-08 13:58:17] Total evaluations set: 50
[2025-09-08 13:58:20] Progress: Iter=9 | done=50/50 (100.0%%) | elapsed=460s | eta=00:00:00
[2025-09-08 13:58:21] Evolution iteration -> 10
[2025-09-08 13:58:21] Total evaluations set: 50
[2025-09-08 13:58:24] Progress: Iter=10 | done=50/50 (100.0%%) | elapsed=464s | eta=00:00:00
[2025-09-08 13:58:24] Evolution iteration -> 11
[2025-09-08 13:58:24] Total evaluations set: 50
[2025-09-08 13:58:27] Progress: Iter=11 | done=50/50 (100.0%%) | elapsed=467s | eta=00:00:00
[2025-09-08 13:58:28] Evolution iteration -> 12
[2025-09-08 13:58:28] Total evaluations set: 50
[2025-09-08 13:58:31] Progress: Iter=12 | done=50/50 (100.0%%) | elapsed=471s | eta=00:00:00
[2025-09-08 13:58:31] Evolution iteration -> 13
[2025-09-08 13:58:31] Total evaluations set: 50
[2025-09-08 13:58:35] Progress: Iter=13 | done=50/50 (100.0%%) | elapsed=475s | eta=00:00:00
[2025-09-08 13:58:35] Evolution iteration -> 14
[2025-09-08 13:58:35] Total evaluations set: 50
[2025-09-08 13:58:42] Progress: Iter=14 | done=50/50 (100.0%%) | elapsed=478s | eta=00:00:00
[2025-09-08 13:58:42] Evolution iteration -> 15
[2025-09-08 13:58:42] Total evaluations set: 50
[2025-09-08 13:58:45] Progress: Iter=15 | done=50/50 (100.0%%) | elapsed=482s | eta=00:00:00
[2025-09-08 13:58:46] Evolution iteration -> 16
[2025-09-08 13:58:46] Total evaluations set: 50
[2025-09-08 13:58:49] Progress: Iter=16 | done=50/50 (100.0%%) | elapsed=485s | eta=00:00:00
[2025-09-08 13:58:49] Evolution iteration -> 17
[2025-09-08 13:58:49] Total evaluations set: 50
[2025-09-08 13:58:52] Progress: Iter=17 | done=50/50 (100.0%%) | elapsed=489s | eta=00:00:00
[2025-09-08 13:58:53] Evolution iteration -> 18
[2025-09-08 13:58:53] Progress: Iter=18 | done=51/50 (102.0%%) | elapsed=489s | eta=00:00:-9
[2025-09-08 13:58:53] Evolution iteration -> 0
[2025-09-08 13:58:56] Progress: Iter=0 | done=52/50 (104.0%%) | elapsed=492s | eta=00:00:**
[2025-09-08 13:58:56] Progress: Iter=0 | done=53/50 (106.0%%) | elapsed=492s | eta=00:00:**
[2025-09-08 13:58:56] Progress: Iter=0 | done=54/50 (108.0%%) | elapsed=493s | eta=00:00:**
[2025-09-08 13:58:56] Progress: Iter=0 | done=55/50 (110.0%%) | elapsed=493s | eta=00:00:**
[2025-09-08 13:58:56] Progress: Iter=0 | done=56/50 (112.0%%) | elapsed=493s | eta=00:00:**
[2025-09-08 13:58:56] Progress: Iter=0 | done=57/50 (114.0%%) | elapsed=493s | eta=00:-1:00
[2025-09-08 13:58:56] Progress: Iter=0 | done=58/50 (116.0%%) | elapsed=493s | eta=00:-1:-8
[2025-09-08 13:58:56] Progress: Iter=0 | done=59/50 (118.0%%) | elapsed=493s | eta=00:-1:**
[2025-09-08 13:58:56] Progress: Iter=0 | done=60/50 (120.0%%) | elapsed=493s | eta=00:-1:**
[2025-09-08 13:58:56] Progress: Iter=0 | done=61/50 (122.0%%) | elapsed=493s | eta=00:-1:**
[2025-09-08 13:58:56] Progress: Iter=0 | done=62/50 (124.0%%) | elapsed=493s | eta=00:-1:**
[2025-09-08 13:58:56] Progress: Iter=0 | done=63/50 (126.0%%) | elapsed=493s | eta=00:-1:**
[2025-09-08 13:58:56] Progress: Iter=0 | done=64/50 (128.0%%) | elapsed=493s | eta=00:-1:**
[2025-09-08 13:58:56] Progress: Iter=0 | done=65/50 (130.0%%) | elapsed=493s | eta=00:-1:**
[2025-09-08 13:58:56] Progress: Iter=0 | done=66/50 (132.0%%) | elapsed=493s | eta=00:-1:**
[2025-09-08 13:58:56] Progress: Iter=0 | done=67/50 (134.0%%) | elapsed=493s | eta=00:-2:-5
[2025-09-08 13:58:56] Progress: Iter=0 | done=68/50 (136.0%%) | elapsed=493s | eta=00:-2:**
[2025-09-08 13:58:56] Progress: Iter=0 | done=69/50 (138.0%%) | elapsed=493s | eta=00:-2:**
[2025-09-08 13:58:57] Progress: Iter=0 | done=70/50 (140.0%%) | elapsed=493s | eta=00:-2:**
[2025-09-08 13:58:57] Progress: Iter=0 | done=71/50 (142.0%%) | elapsed=493s | eta=00:-2:**
[2025-09-08 13:58:57] Progress: Iter=0 | done=72/50 (144.0%%) | elapsed=493s | eta=00:-2:**
[2025-09-08 13:58:57] Progress: Iter=0 | done=73/50 (146.0%%) | elapsed=493s | eta=00:-2:**
[2025-09-08 13:58:57] Progress: Iter=0 | done=74/50 (148.0%%) | elapsed=493s | eta=00:-2:**
[2025-09-08 13:58:57] Progress: Iter=0 | done=75/50 (150.0%%) | elapsed=493s | eta=00:-2:**
[2025-09-08 13:58:57] Progress: Iter=0 | done=76/50 (152.0%%) | elapsed=493s | eta=00:-2:**
[2025-09-08 13:58:57] Progress: Iter=0 | done=77/50 (154.0%%) | elapsed=493s | eta=00:-2:**
[2025-09-08 13:58:57] Progress: Iter=0 | done=78/50 (156.0%%) | elapsed=493s | eta=00:-2:**
[2025-09-08 13:58:57] Progress: Iter=0 | done=79/50 (158.0%%) | elapsed=493s | eta=00:-3:-1
[2025-09-08 13:58:57] Progress: Iter=0 | done=80/50 (160.0%%) | elapsed=493s | eta=00:-3:-5
[2025-09-08 13:58:57] Progress: Iter=0 | done=81/50 (162.0%%) | elapsed=493s | eta=00:-3:-8
[2025-09-08 13:58:57] Progress: Iter=0 | done=82/50 (164.0%%) | elapsed=493s | eta=00:-3:**
[2025-09-08 13:58:57] Progress: Iter=0 | done=83/50 (166.0%%) | elapsed=493s | eta=00:-3:**
[2025-09-08 13:58:57] Progress: Iter=0 | done=85/50 (170.0%%) | elapsed=493s | eta=00:-3:**
[2025-09-08 13:58:57] Progress: Iter=0 | done=84/50 (168.0%%) | elapsed=493s | eta=00:-3:**
[2025-09-08 13:58:57] Progress: Iter=0 | done=86/50 (172.0%%) | elapsed=493s | eta=00:-3:**
[2025-09-08 13:58:57] Progress: Iter=0 | done=87/50 (174.0%%) | elapsed=493s | eta=00:-3:**
[2025-09-08 13:58:57] Progress: Iter=0 | done=88/50 (176.0%%) | elapsed=493s | eta=00:-3:**
[2025-09-08 13:58:57] Progress: Iter=0 | done=89/50 (178.0%%) | elapsed=493s | eta=00:-3:**
[2025-09-08 13:58:57] Progress: Iter=0 | done=90/50 (180.0%%) | elapsed=493s | eta=00:-3:**
[2025-09-08 13:58:57] Progress: Iter=0 | done=91/50 (182.0%%) | elapsed=493s | eta=00:-3:**
[2025-09-08 13:58:57] Progress: Iter=0 | done=92/50 (184.0%%) | elapsed=493s | eta=00:-3:**
[2025-09-08 13:58:57] Progress: Iter=0 | done=93/50 (186.0%%) | elapsed=493s | eta=00:-3:**
[2025-09-08 13:58:57] Progress: Iter=0 | done=94/50 (188.0%%) | elapsed=493s | eta=00:-3:**
[2025-09-08 13:58:57] Progress: Iter=0 | done=95/50 (190.0%%) | elapsed=493s | eta=00:-3:**
[2025-09-08 13:58:57] Progress: Iter=0 | done=96/50 (192.0%%) | elapsed=493s | eta=00:-3:**
[2025-09-08 13:58:57] Progress: Iter=0 | done=97/50 (194.0%%) | elapsed=493s | eta=00:-3:**
[2025-09-08 13:58:57] Progress: Iter=0 | done=98/50 (196.0%%) | elapsed=493s | eta=00:-4:-1
[2025-09-08 13:58:57] Progress: Iter=0 | done=99/50 (198.0%%) | elapsed=494s | eta=00:-4:-4
[2025-09-08 13:58:57] Progress: Iter=0 | done=100/50 (200.0%%) | elapsed=494s | eta=00:-4:-7
[2025-09-08 13:58:57] Progress: Iter=0 | done=101/50 (202.0%%) | elapsed=494s | eta=00:-4:-9
[2025-09-08 13:58:57] Evolution iteration -> 1
[2025-09-08 13:58:57] Total evaluations set: 50
[2025-09-08 13:59:00] Progress: Iter=1 | done=50/50 (100.0%%) | elapsed=497s | eta=00:00:00
[2025-09-08 13:59:00] Evolution iteration -> 2
[2025-09-08 13:59:00] Total evaluations set: 50
[2025-09-08 13:59:03] Progress: Iter=2 | done=50/50 (100.0%%) | elapsed=500s | eta=00:00:00
[2025-09-08 13:59:04] Evolution iteration -> 3
[2025-09-08 13:59:04] Total evaluations set: 50
[2025-09-08 13:59:06] Progress: Iter=3 | done=50/50 (100.0%%) | elapsed=503s | eta=00:00:00
[2025-09-08 13:59:07] Evolution iteration -> 4
[2025-09-08 13:59:07] Total evaluations set: 50
[2025-09-08 13:59:09] Progress: Iter=4 | done=50/50 (100.0%%) | elapsed=506s | eta=00:00:00
[2025-09-08 13:59:10] Evolution iteration -> 5
[2025-09-08 13:59:10] Total evaluations set: 50
[2025-09-08 13:59:12] Progress: Iter=5 | done=50/50 (100.0%%) | elapsed=509s | eta=00:00:00
[2025-09-08 13:59:13] Evolution iteration -> 6
[2025-09-08 13:59:13] Total evaluations set: 50
[2025-09-08 13:59:16] Progress: Iter=6 | done=50/50 (100.0%%) | elapsed=512s | eta=00:00:00
[2025-09-08 13:59:16] Evolution iteration -> 7
[2025-09-08 13:59:16] Total evaluations set: 50
[2025-09-08 13:59:19] Progress: Iter=7 | done=50/50 (100.0%%) | elapsed=516s | eta=00:00:00
[2025-09-08 13:59:19] Evolution iteration -> 8
[2025-09-08 13:59:19] Total evaluations set: 50
[2025-09-08 13:59:23] Progress: Iter=8 | done=50/50 (100.0%%) | elapsed=519s | eta=00:00:00
[2025-09-08 13:59:23] Evolution iteration -> 9
[2025-09-08 13:59:23] Total evaluations set: 50
[2025-09-08 13:59:26] Progress: Iter=9 | done=50/50 (100.0%%) | elapsed=522s | eta=00:00:00
[2025-09-08 13:59:26] Evolution iteration -> 10
[2025-09-08 13:59:26] Total evaluations set: 50
[2025-09-08 13:59:29] Progress: Iter=10 | done=50/50 (100.0%%) | elapsed=525s | eta=00:00:00
[2025-09-08 13:59:29] Evolution iteration -> 11
[2025-09-08 13:59:29] Total evaluations set: 50
[2025-09-08 13:59:32] Progress: Iter=11 | done=50/50 (100.0%%) | elapsed=528s | eta=00:00:00
[2025-09-08 13:59:32] Evolution iteration -> 12
[2025-09-08 13:59:32] Total evaluations set: 50
[2025-09-08 13:59:35] Progress: Iter=12 | done=50/50 (100.0%%) | elapsed=532s | eta=00:00:00
[2025-09-08 13:59:35] Evolution iteration -> 13
[2025-09-08 13:59:35] Total evaluations set: 50
[2025-09-08 13:59:38] Progress: Iter=13 | done=50/50 (100.0%%) | elapsed=535s | eta=00:00:00
[2025-09-08 13:59:38] Evolution iteration -> 14
[2025-09-08 13:59:38] Total evaluations set: 50
[2025-09-08 13:59:41] Progress: Iter=14 | done=50/50 (100.0%%) | elapsed=538s | eta=00:00:00
[2025-09-08 13:59:41] Evolution iteration -> 15
[2025-09-08 13:59:41] Total evaluations set: 50
[2025-09-08 13:59:48] Progress: Iter=15 | done=50/50 (100.0%%) | elapsed=541s | eta=00:00:00
[2025-09-08 13:59:48] Evolution iteration -> 16
[2025-09-08 13:59:48] Total evaluations set: 50
[2025-09-08 13:59:51] Progress: Iter=16 | done=50/50 (100.0%%) | elapsed=544s | eta=00:00:00
[2025-09-08 13:59:51] Evolution iteration -> 17
[2025-09-08 13:59:51] Total evaluations set: 50
[2025-09-08 13:59:54] Progress: Iter=17 | done=50/50 (100.0%%) | elapsed=547s | eta=00:00:00
[2025-09-08 13:59:54] Evolution iteration -> 18
[2025-09-08 13:59:54] Progress: Iter=18 | done=51/50 (102.0%%) | elapsed=548s | eta=00:00:**
[2025-09-08 13:59:55] Evolution iteration -> 0
[2025-09-08 13:59:57] Progress: Iter=0 | done=52/50 (104.0%%) | elapsed=550s | eta=00:00:**
[2025-09-08 13:59:57] Progress: Iter=0 | done=53/50 (106.0%%) | elapsed=550s | eta=00:00:**
[2025-09-08 13:59:57] Progress: Iter=0 | done=54/50 (108.0%%) | elapsed=551s | eta=00:00:**
[2025-09-08 13:59:57] Progress: Iter=0 | done=55/50 (110.0%%) | elapsed=551s | eta=00:00:**
[2025-09-08 13:59:58] Progress: Iter=0 | done=56/50 (112.0%%) | elapsed=551s | eta=00:00:**
[2025-09-08 13:59:58] Progress: Iter=0 | done=57/50 (114.0%%) | elapsed=551s | eta=00:-1:-7
[2025-09-08 13:59:58] Progress: Iter=0 | done=58/50 (116.0%%) | elapsed=551s | eta=00:-1:**
[2025-09-08 13:59:58] Progress: Iter=0 | done=59/50 (118.0%%) | elapsed=551s | eta=00:-1:**
[2025-09-08 13:59:58] Progress: Iter=0 | done=60/50 (120.0%%) | elapsed=551s | eta=00:-1:**
[2025-09-08 13:59:58] Progress: Iter=0 | done=61/50 (122.0%%) | elapsed=551s | eta=00:-1:**
[2025-09-08 13:59:58] Progress: Iter=0 | done=62/50 (124.0%%) | elapsed=551s | eta=00:-1:**
[2025-09-08 13:59:58] Progress: Iter=0 | done=63/50 (126.0%%) | elapsed=551s | eta=00:-1:**
[2025-09-08 13:59:58] Progress: Iter=0 | done=64/50 (128.0%%) | elapsed=551s | eta=00:-2:00
[2025-09-08 13:59:58] Progress: Iter=0 | done=65/50 (130.0%%) | elapsed=551s | eta=00:-2:-7
[2025-09-08 13:59:58] Progress: Iter=0 | done=66/50 (132.0%%) | elapsed=551s | eta=00:-2:**
[2025-09-08 13:59:58] Progress: Iter=0 | done=67/50 (134.0%%) | elapsed=551s | eta=00:-2:**
[2025-09-08 13:59:58] Progress: Iter=0 | done=68/50 (136.0%%) | elapsed=551s | eta=00:-2:**
[2025-09-08 13:59:58] Progress: Iter=0 | done=69/50 (138.0%%) | elapsed=551s | eta=00:-2:**
[2025-09-08 13:59:58] Progress: Iter=0 | done=70/50 (140.0%%) | elapsed=551s | eta=00:-2:**
[2025-09-08 13:59:58] Progress: Iter=0 | done=71/50 (142.0%%) | elapsed=551s | eta=00:-2:**
[2025-09-08 13:59:58] Progress: Iter=0 | done=72/50 (144.0%%) | elapsed=551s | eta=00:-2:**
[2025-09-08 13:59:58] Progress: Iter=0 | done=73/50 (146.0%%) | elapsed=551s | eta=00:-2:**
[2025-09-08 13:59:58] Progress: Iter=0 | done=74/50 (148.0%%) | elapsed=551s | eta=00:-2:**
[2025-09-08 13:59:58] Progress: Iter=0 | done=75/50 (150.0%%) | elapsed=551s | eta=00:-3:-3
[2025-09-08 13:59:58] Progress: Iter=0 | done=76/50 (152.0%%) | elapsed=551s | eta=00:-3:-8
[2025-09-08 13:59:58] Progress: Iter=0 | done=77/50 (154.0%%) | elapsed=551s | eta=00:-3:**
[2025-09-08 13:59:58] Progress: Iter=0 | done=78/50 (156.0%%) | elapsed=551s | eta=00:-3:**
[2025-09-08 13:59:58] Progress: Iter=0 | done=79/50 (158.0%%) | elapsed=551s | eta=00:-3:**
[2025-09-08 13:59:58] Progress: Iter=0 | done=80/50 (160.0%%) | elapsed=551s | eta=00:-3:**
[2025-09-08 13:59:58] Progress: Iter=0 | done=81/50 (162.0%%) | elapsed=551s | eta=00:-3:**
[2025-09-08 13:59:58] Progress: Iter=0 | done=82/50 (164.0%%) | elapsed=551s | eta=00:-3:**
[2025-09-08 13:59:58] Progress: Iter=0 | done=83/50 (166.0%%) | elapsed=551s | eta=00:-3:**
[2025-09-08 13:59:58] Progress: Iter=0 | done=84/50 (168.0%%) | elapsed=551s | eta=00:-3:**
[2025-09-08 13:59:58] Progress: Iter=0 | done=85/50 (170.0%%) | elapsed=551s | eta=00:-3:**
[2025-09-08 13:59:58] Progress: Iter=0 | done=86/50 (172.0%%) | elapsed=551s | eta=00:-3:**
[2025-09-08 13:59:58] Progress: Iter=0 | done=87/50 (174.0%%) | elapsed=551s | eta=00:-3:**
[2025-09-08 13:59:58] Progress: Iter=0 | done=88/50 (176.0%%) | elapsed=551s | eta=00:-3:**
[2025-09-08 13:59:58] Progress: Iter=0 | done=89/50 (178.0%%) | elapsed=551s | eta=00:-4:-1
[2025-09-08 13:59:58] Progress: Iter=0 | done=90/50 (180.0%%) | elapsed=551s | eta=00:-4:-5
[2025-09-08 13:59:58] Progress: Iter=0 | done=91/50 (182.0%%) | elapsed=551s | eta=00:-4:-8
[2025-09-08 13:59:58] Progress: Iter=0 | done=93/50 (186.0%%) | elapsed=551s | eta=00:-4:**
[2025-09-08 13:59:58] Progress: Iter=0 | done=92/50 (184.0%%) | elapsed=551s | eta=00:-4:**
[2025-09-08 13:59:58] Progress: Iter=0 | done=94/50 (188.0%%) | elapsed=551s | eta=00:-4:**
[2025-09-08 13:59:58] Progress: Iter=0 | done=95/50 (190.0%%) | elapsed=551s | eta=00:-4:**
[2025-09-08 13:59:58] Progress: Iter=0 | done=96/50 (192.0%%) | elapsed=551s | eta=00:-4:**
[2025-09-08 13:59:58] Progress: Iter=0 | done=97/50 (194.0%%) | elapsed=551s | eta=00:-4:**
[2025-09-08 13:59:58] Progress: Iter=0 | done=98/50 (196.0%%) | elapsed=551s | eta=00:-4:**
[2025-09-08 13:59:58] Progress: Iter=0 | done=99/50 (198.0%%) | elapsed=551s | eta=00:-4:**
[2025-09-08 13:59:58] Progress: Iter=0 | done=100/50 (200.0%%) | elapsed=551s | eta=00:-4:**
[2025-09-08 13:59:58] Progress: Iter=0 | done=101/50 (202.0%%) | elapsed=551s | eta=00:-4:**
[2025-09-08 13:59:59] Evolution iteration -> 1
[2025-09-08 13:59:59] Total evaluations set: 50
[2025-09-08 14:00:01] Progress: Iter=1 | done=50/50 (100.0%%) | elapsed=554s | eta=00:00:00
[2025-09-08 14:00:02] Evolution iteration -> 2
[2025-09-08 14:00:02] Total evaluations set: 50
[2025-09-08 14:00:04] Progress: Iter=2 | done=50/50 (100.0%%) | elapsed=557s | eta=00:00:00
[2025-09-08 14:00:05] Evolution iteration -> 3
[2025-09-08 14:00:05] Total evaluations set: 50
[2025-09-08 14:00:07] Progress: Iter=3 | done=50/50 (100.0%%) | elapsed=561s | eta=00:00:00
[2025-09-08 14:00:08] Evolution iteration -> 4
[2025-09-08 14:00:08] Total evaluations set: 50
[2025-09-08 14:00:10] Progress: Iter=4 | done=50/50 (100.0%%) | elapsed=564s | eta=00:00:00
[2025-09-08 14:00:11] Evolution iteration -> 5
[2025-09-08 14:00:11] Total evaluations set: 50
[2025-09-08 14:00:14] Progress: Iter=5 | done=50/50 (100.0%%) | elapsed=567s | eta=00:00:00
[2025-09-08 14:00:14] Evolution iteration -> 6
[2025-09-08 14:00:14] Total evaluations set: 50
[2025-09-08 14:00:17] Progress: Iter=6 | done=50/50 (100.0%%) | elapsed=570s | eta=00:00:00
[2025-09-08 14:00:17] Evolution iteration -> 7
[2025-09-08 14:00:17] Total evaluations set: 50
[2025-09-08 14:00:20] Progress: Iter=7 | done=50/50 (100.0%%) | elapsed=573s | eta=00:00:00
[2025-09-08 14:00:20] Evolution iteration -> 8
[2025-09-08 14:00:20] Total evaluations set: 50
[2025-09-08 14:00:23] Progress: Iter=8 | done=50/50 (100.0%%) | elapsed=576s | eta=00:00:00
[2025-09-08 14:00:23] Evolution iteration -> 9
[2025-09-08 14:00:23] Total evaluations set: 50
[2025-09-08 14:00:26] Progress: Iter=9 | done=50/50 (100.0%%) | elapsed=579s | eta=00:00:00
[2025-09-08 14:00:27] Evolution iteration -> 10
[2025-09-08 14:00:27] Total evaluations set: 50
[2025-09-08 14:00:30] Progress: Iter=10 | done=50/50 (100.0%%) | elapsed=583s | eta=00:00:00
[2025-09-08 14:00:30] Evolution iteration -> 11
[2025-09-08 14:00:30] Total evaluations set: 50
[2025-09-08 14:00:33] Progress: Iter=11 | done=50/50 (100.0%%) | elapsed=586s | eta=00:00:00
[2025-09-08 14:00:33] Evolution iteration -> 12
[2025-09-08 14:00:33] Total evaluations set: 50
[2025-09-08 14:00:36] Progress: Iter=12 | done=50/50 (100.0%%) | elapsed=589s | eta=00:00:00
[2025-09-08 14:00:36] Evolution iteration -> 13
[2025-09-08 14:00:36] Total evaluations set: 50
[2025-09-08 14:00:39] Progress: Iter=13 | done=50/50 (100.0%%) | elapsed=592s | eta=00:00:00
[2025-09-08 14:00:39] Evolution iteration -> 14
[2025-09-08 14:00:39] Total evaluations set: 50
[2025-09-08 14:00:42] Progress: Iter=14 | done=50/50 (100.0%%) | elapsed=595s | eta=00:00:00
[2025-09-08 14:00:42] Evolution iteration -> 15
[2025-09-08 14:00:42] Total evaluations set: 50
[2025-09-08 14:00:45] Progress: Iter=15 | done=50/50 (100.0%%) | elapsed=598s | eta=00:00:00
[2025-09-08 14:00:49] Evolution iteration -> 16
[2025-09-08 14:00:49] Total evaluations set: 50
[2025-09-08 14:00:51] Progress: Iter=16 | done=50/50 (100.0%%) | elapsed=601s | eta=00:00:00
[2025-09-08 14:00:52] Evolution iteration -> 17
[2025-09-08 14:00:52] Total evaluations set: 50
[2025-09-08 14:00:54] Progress: Iter=17 | done=50/50 (100.0%%) | elapsed=604s | eta=00:00:00
[2025-09-08 14:00:55] Evolution iteration -> 18
[2025-09-08 14:00:55] Progress: Iter=18 | done=51/50 (102.0%%) | elapsed=604s | eta=00:00:**
[2025-09-20 16:37:38] Program launched. start_ms=-576460737648 wall=2025-09-20 16:37:38
[2025-09-20 16:37:49] Evolution iteration -> 0
[2025-09-20 16:43:42] Program launched. start_ms=-576460747484 wall=2025-09-20 16:43:42
[2025-09-20 16:43:49] Evolution iteration -> 0
[2025-09-20 16:47:00] Program launched. start_ms=-576460748655 wall=2025-09-20 16:47:00
[2025-09-20 16:47:11] Evolution iteration -> 0
[2025-09-20 16:50:29] Program launched. start_ms=-576460748138 wall=2025-09-20 16:50:29
[2025-09-20 16:50:47] Evolution iteration -> 0
[2025-09-20 17:07:48] Program launched. start_ms=-576460738347 wall=2025-09-20 17:07:48
[2025-09-20 17:12:45] Program launched. start_ms=-576460747627 wall=2025-09-20 17:12:45
[2025-09-20 17:12:57] Evolution iteration -> 0
[2025-09-20 17:13:12] Evolution iteration -> 1
[2025-09-20 17:15:50] Program launched. start_ms=-576460739734 wall=2025-09-20 17:15:50
[2025-09-20 17:16:02] Evolution iteration -> 0
[2025-09-20 17:16:22] Evolution iteration -> 1
[2025-09-20 17:16:28] Program launched. start_ms=-576460749231 wall=2025-09-20 17:16:28
[2025-09-20 17:16:34] Evolution iteration -> 0
[2025-09-20 17:16:48] Evolution iteration -> 1
[2025-09-20 17:17:36] Program launched. start_ms=-576460748552 wall=2025-09-20 17:17:36
[2025-09-20 17:17:43] Evolution iteration -> 0
[2025-09-20 17:17:57] Evolution iteration -> 1
[2025-09-20 17:17:57] Evolution iteration -> 0
[2025-09-20 17:18:10] Evolution iteration -> 1
[2025-09-20 17:18:11] Evolution iteration -> 0
[2025-09-20 17:18:31] Evolution iteration -> 1
[2025-09-20 17:18:32] Evolution iteration -> 0
[2025-09-20 17:18:46] Evolution iteration -> 1
[2025-09-20 17:18:47] Evolution iteration -> 0
[2025-09-20 17:19:00] Evolution iteration -> 1
